TN:
SF:src\App.js
FN:83,App
FN:93,(anonymous_1)
FN:98,(anonymous_2)
FN:115,(anonymous_3)
FN:127,(anonymous_4)
FN:140,(anonymous_5)
FN:147,(anonymous_6)
FN:150,(anonymous_7)
FN:168,(anonymous_8)
FN:170,(anonymous_9)
FN:175,(anonymous_10)
FN:185,(anonymous_11)
FNF:12
FNH:0
FNDA:0,App
FNDA:0,(anonymous_1)
FNDA:0,(anonymous_2)
FNDA:0,(anonymous_3)
FNDA:0,(anonymous_4)
FNDA:0,(anonymous_5)
FNDA:0,(anonymous_6)
FNDA:0,(anonymous_7)
FNDA:0,(anonymous_8)
FNDA:0,(anonymous_9)
FNDA:0,(anonymous_10)
FNDA:0,(anonymous_11)
DA:84,0
DA:85,0
DA:86,0
DA:87,0
DA:88,0
DA:89,0
DA:90,0
DA:91,0
DA:93,0
DA:94,0
DA:95,0
DA:98,0
DA:99,0
DA:100,0
DA:115,0
DA:116,0
DA:117,0
DA:118,0
DA:119,0
DA:120,0
DA:122,0
DA:123,0
DA:127,0
DA:128,0
DA:129,0
DA:130,0
DA:131,0
DA:132,0
DA:133,0
DA:135,0
DA:136,0
DA:140,0
DA:141,0
DA:142,0
DA:143,0
DA:144,0
DA:147,0
DA:148,0
DA:149,0
DA:150,0
DA:151,0
DA:153,0
DA:157,0
DA:158,0
DA:160,0
DA:161,0
DA:162,0
DA:166,0
DA:169,0
DA:171,0
DA:175,0
DA:176,0
DA:177,0
DA:178,0
DA:179,0
DA:180,0
DA:181,0
DA:185,0
DA:186,0
DA:187,0
DA:188,0
DA:192,0
DA:193,0
DA:194,0
DA:207,0
LF:65
LH:0
BRDA:94,0,0,0
BRDA:94,0,1,0
BRDA:99,1,0,0
BRDA:99,1,1,0
BRDA:122,2,0,0
BRDA:122,2,1,0
BRDA:132,3,0,0
BRDA:132,3,1,0
BRDA:132,4,0,0
BRDA:132,4,1,0
BRDA:135,5,0,0
BRDA:135,5,1,0
BRDA:135,6,0,0
BRDA:135,6,1,0
BRDA:148,7,0,0
BRDA:148,7,1,0
BRDA:151,8,0,0
BRDA:151,8,1,0
BRDA:153,9,0,0
BRDA:153,9,1,0
BRDA:158,10,0,0
BRDA:158,10,1,0
BRDA:160,11,0,0
BRDA:160,11,1,0
BRDA:162,12,0,0
BRDA:162,12,1,0
BRDA:177,13,0,0
BRDA:177,13,1,0
BRDA:177,14,0,0
BRDA:177,14,1,0
BRDA:179,15,0,0
BRDA:179,15,1,0
BRDA:180,16,0,0
BRDA:180,16,1,0
BRDA:192,17,0,0
BRDA:192,17,1,0
BRDA:192,18,0,0
BRDA:192,18,1,0
BRDA:193,19,0,0
BRDA:193,19,1,0
BRDA:194,20,0,0
BRDA:194,20,1,0
BRDA:208,21,0,0
BRDA:208,21,1,0
BRF:44
BRH:0
end_of_record
TN:
SF:src\app.worker.js
FN:1,(anonymous_0)
FN:2,(anonymous_1)
FN:4,(anonymous_2)
FNF:3
FNH:0
FNDA:0,(anonymous_0)
FNDA:0,(anonymous_1)
FNDA:0,(anonymous_2)
DA:2,0
DA:3,0
DA:4,0
DA:5,0
LF:4
LH:0
BRDA:3,0,0,0
BRDA:3,0,1,0
BRF:2
BRH:0
end_of_record
TN:
SF:src\authWorker.js
FN:2,(anonymous_0)
FNF:1
FNH:0
FNDA:0,(anonymous_0)
DA:3,0
DA:4,0
DA:5,0
LF:3
LH:0
BRF:0
BRH:0
end_of_record
TN:
SF:src\config.js
FNF:0
FNH:0
DA:1,0
DA:8,0
DA:9,0
DA:10,0
DA:11,0
DA:12,0
DA:13,0
DA:14,0
DA:15,0
DA:16,0
DA:17,0
DA:18,0
DA:19,0
DA:20,0
DA:21,0
DA:22,0
DA:23,0
DA:24,0
DA:25,0
DA:26,0
DA:27,0
DA:29,0
DA:30,0
DA:31,0
DA:32,0
DA:33,0
DA:34,0
DA:35,0
DA:36,0
DA:37,0
DA:38,0
DA:39,0
DA:40,0
DA:41,0
DA:42,0
DA:43,0
DA:44,0
DA:45,0
DA:46,0
DA:47,0
DA:48,0
DA:49,0
DA:50,0
DA:51,0
DA:53,0
DA:60,0
DA:66,0
LF:47
LH:0
BRDA:26,0,0,0
BRDA:26,0,1,0
BRDA:62,1,0,0
BRDA:62,1,1,0
BRF:4
BRH:0
end_of_record
TN:
SF:src\refresh-token.js
FN:8,(anonymous_0)
FN:15,refreshTokenUpdate
FN:18,(anonymous_2)
FN:21,(anonymous_3)
FN:26,(anonymous_4)
FN:31,(anonymous_5)
FNF:6
FNH:0
FNDA:0,(anonymous_0)
FNDA:0,refreshTokenUpdate
FNDA:0,(anonymous_2)
FNDA:0,(anonymous_3)
FNDA:0,(anonymous_4)
FNDA:0,(anonymous_5)
DA:5,0
DA:8,0
DA:9,0
DA:10,0
DA:11,0
DA:16,0
DA:17,0
DA:19,0
DA:22,0
DA:26,0
DA:27,0
DA:28,0
DA:31,0
DA:32,0
DA:33,0
LF:15
LH:0
BRDA:5,0,0,0
BRDA:5,0,1,0
BRDA:10,1,0,0
BRDA:10,1,1,0
BRF:4
BRH:0
end_of_record
TN:
SF:src\test-utils.jsx
FN:9,(anonymous_0)
FN:22,(anonymous_1)
FNF:2
FNH:0
FNDA:0,(anonymous_0)
FNDA:0,(anonymous_1)
DA:9,0
DA:10,0
DA:22,0
DA:23,0
LF:4
LH:0
BRF:0
BRH:0
end_of_record
TN:
SF:src\components\AccessCard.js
FN:5,(anonymous_0)
FN:6,(anonymous_1)
FNF:2
FNH:0
FNDA:0,(anonymous_0)
FNDA:0,(anonymous_1)
DA:5,0
DA:6,0
DA:7,0
DA:10,0
LF:4
LH:0
BRF:0
BRH:0
end_of_record
TN:
SF:src\components\AppRoutes.js
FN:7,(anonymous_0)
FN:12,(anonymous_1)
FN:17,(anonymous_2)
FN:25,(anonymous_3)
FN:25,(anonymous_4)
FN:28,(anonymous_5)
FN:29,(anonymous_6)
FN:32,(anonymous_7)
FN:36,(anonymous_8)
FN:44,(anonymous_9)
FNF:10
FNH:0
FNDA:0,(anonymous_0)
FNDA:0,(anonymous_1)
FNDA:0,(anonymous_2)
FNDA:0,(anonymous_3)
FNDA:0,(anonymous_4)
FNDA:0,(anonymous_5)
FNDA:0,(anonymous_6)
FNDA:0,(anonymous_7)
FNDA:0,(anonymous_8)
FNDA:0,(anonymous_9)
DA:7,0
DA:8,0
DA:10,0
DA:12,0
DA:17,0
DA:18,0
DA:19,0
DA:20,0
DA:21,0
DA:22,0
DA:23,0
DA:25,0
DA:26,0
DA:28,0
DA:29,0
DA:30,0
DA:32,0
DA:33,0
DA:36,0
DA:37,0
DA:40,0
DA:41,0
DA:44,0
DA:46,0
LF:24
LH:0
BRDA:30,0,0,0
BRDA:30,0,1,0
BRDA:33,1,0,0
BRDA:33,1,1,0
BRDA:40,2,0,0
BRDA:40,2,1,0
BRF:6
BRH:0
end_of_record
TN:
SF:src\components\AssetComponent.js
FN:10,(anonymous_0)
FN:12,(anonymous_1)
FN:21,(anonymous_2)
FN:41,(anonymous_3)
FNF:4
FNH:0
FNDA:0,(anonymous_0)
FNDA:0,(anonymous_1)
FNDA:0,(anonymous_2)
FNDA:0,(anonymous_3)
DA:10,0
DA:11,0
DA:12,0
DA:14,0
DA:22,0
DA:41,0
DA:42,0
LF:7
LH:0
BRDA:19,0,0,0
BRDA:19,0,1,0
BRDA:19,1,0,0
BRDA:19,1,1,0
BRDA:28,2,0,0
BRDA:28,2,1,0
BRDA:42,3,0,0
BRDA:42,3,1,0
BRF:8
BRH:0
end_of_record
TN:
SF:src\components\Banner.js
FN:5,(anonymous_0)
FN:8,(anonymous_1)
FN:13,(anonymous_2)
FN:24,(anonymous_3)
FN:28,(anonymous_4)
FN:30,(anonymous_5)
FN:51,(anonymous_6)
FNF:7
FNH:0
FNDA:0,(anonymous_0)
FNDA:0,(anonymous_1)
FNDA:0,(anonymous_2)
FNDA:0,(anonymous_3)
FNDA:0,(anonymous_4)
FNDA:0,(anonymous_5)
FNDA:0,(anonymous_6)
DA:5,0
DA:6,0
DA:8,0
DA:9,0
DA:10,0
DA:13,0
DA:14,0
DA:15,0
DA:17,0
DA:18,0
DA:19,0
DA:21,0
DA:24,0
DA:25,0
DA:26,0
DA:27,0
DA:28,0
DA:30,0
DA:31,0
DA:37,0
DA:39,0
DA:51,0
LF:22
LH:0
BRDA:17,0,0,0
BRDA:17,0,1,0
BRDA:18,1,0,0
BRDA:18,1,1,0
BRDA:26,2,0,0
BRDA:26,2,1,0
BRDA:39,3,0,0
BRDA:39,3,1,0
BRF:8
BRH:0
end_of_record
TN:
SF:src\components\Carousel.js
FN:4,(anonymous_0)
FN:8,(anonymous_1)
FN:17,(anonymous_2)
FN:32,(anonymous_3)
FN:34,(anonymous_4)
FN:37,(anonymous_5)
FN:50,(anonymous_6)
FN:57,(anonymous_7)
FN:66,(anonymous_8)
FNF:9
FNH:0
FNDA:0,(anonymous_0)
FNDA:0,(anonymous_1)
FNDA:0,(anonymous_2)
FNDA:0,(anonymous_3)
FNDA:0,(anonymous_4)
FNDA:0,(anonymous_5)
FNDA:0,(anonymous_6)
FNDA:0,(anonymous_7)
FNDA:0,(anonymous_8)
DA:4,0
DA:5,0
DA:8,0
DA:9,0
DA:10,0
DA:11,0
DA:12,0
DA:13,0
DA:14,0
DA:15,0
DA:17,0
DA:18,0
DA:19,0
DA:20,0
DA:21,0
DA:23,0
DA:26,0
DA:28,0
DA:29,0
DA:32,0
DA:33,0
DA:34,0
DA:35,0
DA:37,0
DA:38,0
DA:42,0
DA:51,0
DA:58,0
DA:67,0
LF:29
LH:0
BRDA:9,0,0,0
BRDA:9,0,1,0
BRDA:20,1,0,0
BRDA:20,1,1,0
BRDA:21,2,0,0
BRDA:21,2,1,0
BRDA:28,3,0,0
BRDA:28,3,1,0
BRDA:29,4,0,0
BRDA:29,4,1,0
BRDA:33,5,0,0
BRDA:33,5,1,0
BRDA:56,6,0,0
BRDA:56,6,1,0
BRDA:65,7,0,0
BRDA:65,7,1,0
BRF:16
BRH:0
end_of_record
TN:
SF:src\components\CognitoCard.js
FN:7,(anonymous_0)
FN:8,(anonymous_1)
FN:62,(anonymous_2)
FNF:3
FNH:0
FNDA:0,(anonymous_0)
FNDA:0,(anonymous_1)
FNDA:0,(anonymous_2)
DA:7,0
DA:8,0
DA:9,0
DA:10,0
DA:13,0
DA:62,0
LF:6
LH:0
BRDA:36,0,0,0
BRDA:36,0,1,0
BRF:2
BRH:0
end_of_record
TN:
SF:src\components\DataCatalog.js
FN:3,dataCatalog
FN:8,(anonymous_1)
FN:8,(anonymous_2)
FN:9,(anonymous_3)
FN:11,(anonymous_4)
FN:13,(anonymous_5)
FN:17,(anonymous_6)
FN:24,(anonymous_7)
FN:26,(anonymous_8)
FN:42,addDataCatalog
FN:47,updateDataCatalog
FN:52,updateDataCatalogTable
FN:57,deleteDataCatalog
FNF:13
FNH:0
FNDA:0,dataCatalog
FNDA:0,(anonymous_1)
FNDA:0,(anonymous_2)
FNDA:0,(anonymous_3)
FNDA:0,(anonymous_4)
FNDA:0,(anonymous_5)
FNDA:0,(anonymous_6)
FNDA:0,(anonymous_7)
FNDA:0,(anonymous_8)
FNDA:0,addDataCatalog
FNDA:0,updateDataCatalog
FNDA:0,updateDataCatalogTable
FNDA:0,deleteDataCatalog
DA:4,0
DA:5,0
DA:6,0
DA:7,0
DA:8,0
DA:9,0
DA:11,0
DA:12,0
DA:13,0
DA:17,0
DA:18,0
DA:21,0
DA:24,0
DA:25,0
DA:26,0
DA:27,0
DA:31,0
DA:38,0
DA:43,0
DA:44,0
DA:48,0
DA:49,0
DA:53,0
DA:54,0
DA:58,0
DA:59,0
LF:26
LH:0
BRDA:5,0,0,0
BRDA:5,0,1,0
BRDA:8,1,0,0
BRDA:8,1,1,0
BRDA:13,2,0,0
BRDA:13,2,1,0
BRDA:14,3,0,0
BRDA:14,3,1,0
BRDA:14,4,0,0
BRDA:14,4,1,0
BRF:10
BRH:0
end_of_record
TN:
SF:src\components\DataSetInfo.js
FNF:0
FNH:0
DA:1,0
LF:1
LH:0
BRF:0
BRH:0
end_of_record
TN:
SF:src\components\ErrorCard.js
FN:4,(anonymous_0)
FNF:1
FNH:0
FNDA:0,(anonymous_0)
DA:4,0
DA:5,0
LF:2
LH:0
BRF:0
BRH:0
end_of_record
TN:
SF:src\components\Header.js
FN:11,(anonymous_0)
FN:16,(anonymous_1)
FN:49,(anonymous_2)
FN:60,(anonymous_3)
FN:71,(anonymous_4)
FN:77,(anonymous_5)
FN:81,(anonymous_6)
FN:92,(anonymous_7)
FN:124,(anonymous_8)
FN:125,(anonymous_9)
FNF:10
FNH:0
FNDA:0,(anonymous_0)
FNDA:0,(anonymous_1)
FNDA:0,(anonymous_2)
FNDA:0,(anonymous_3)
FNDA:0,(anonymous_4)
FNDA:0,(anonymous_5)
FNDA:0,(anonymous_6)
FNDA:0,(anonymous_7)
FNDA:0,(anonymous_8)
FNDA:0,(anonymous_9)
DA:11,0
DA:12,0
DA:13,0
DA:14,0
DA:16,0
DA:17,0
DA:20,0
DA:49,0
DA:60,0
DA:71,0
DA:72,0
DA:73,0
DA:74,0
DA:75,0
DA:77,0
DA:78,0
DA:81,0
DA:82,0
DA:83,0
DA:86,0
DA:92,0
DA:124,0
DA:125,0
LF:23
LH:0
BRDA:26,0,0,0
BRDA:26,0,1,0
BRDA:33,1,0,0
BRDA:33,1,1,0
BRDA:55,2,0,0
BRDA:55,2,1,0
BRDA:60,3,0,0
BRDA:60,3,1,0
BRDA:89,4,0,0
BRDA:89,4,1,0
BRDA:92,5,0,0
BRDA:92,5,1,0
BRDA:126,6,0,0
BRDA:126,6,1,0
BRF:14
BRH:0
end_of_record
TN:
SF:src\components\IdleTimer.js
FN:6,IdleTimer
FN:12,(anonymous_1)
FN:18,(anonymous_2)
FN:22,(anonymous_3)
FN:26,(anonymous_4)
FNF:5
FNH:0
FNDA:0,IdleTimer
FNDA:0,(anonymous_1)
FNDA:0,(anonymous_2)
FNDA:0,(anonymous_3)
FNDA:0,(anonymous_4)
DA:10,0
DA:12,0
DA:13,0
DA:14,0
DA:15,0
DA:18,0
DA:19,0
DA:22,0
DA:23,0
DA:26,0
DA:27,0
DA:30,0
LF:12
LH:0
BRDA:19,0,0,0
BRDA:19,0,1,0
BRDA:34,1,0,0
BRDA:34,1,1,0
BRF:4
BRH:0
end_of_record
TN:
SF:src\components\LoginCard.js
FN:8,(anonymous_0)
FN:15,(anonymous_1)
FN:21,(anonymous_2)
FN:60,(anonymous_3)
FN:89,(anonymous_4)
FN:94,(anonymous_5)
FN:98,(anonymous_6)
FNF:7
FNH:0
FNDA:0,(anonymous_0)
FNDA:0,(anonymous_1)
FNDA:0,(anonymous_2)
FNDA:0,(anonymous_3)
FNDA:0,(anonymous_4)
FNDA:0,(anonymous_5)
FNDA:0,(anonymous_6)
DA:8,0
DA:9,0
DA:10,0
DA:11,0
DA:12,0
DA:13,0
DA:15,0
DA:16,0
DA:17,0
DA:18,0
DA:21,0
DA:22,0
DA:23,0
DA:24,0
DA:25,0
DA:26,0
DA:28,0
DA:29,0
DA:30,0
DA:31,0
DA:33,0
DA:36,0
DA:37,0
DA:39,0
DA:40,0
DA:46,0
DA:47,0
DA:48,0
DA:49,0
DA:50,0
DA:51,0
DA:53,0
DA:54,0
DA:56,0
DA:60,0
DA:61,0
DA:65,0
DA:89,0
DA:94,0
DA:98,0
LF:40
LH:0
BRDA:13,0,0,0
BRDA:13,0,1,0
BRDA:23,1,0,0
BRDA:23,1,1,0
BRDA:24,2,0,0
BRDA:24,2,1,0
BRDA:24,3,0,0
BRDA:24,3,1,0
BRDA:29,4,0,0
BRDA:29,4,1,0
BRDA:29,5,0,0
BRDA:29,5,1,0
BRDA:46,6,0,0
BRDA:46,6,1,0
BRDA:75,7,0,0
BRDA:75,7,1,0
BRDA:77,8,0,0
BRDA:77,8,1,0
BRDA:93,9,0,0
BRDA:93,9,1,0
BRDA:97,10,0,0
BRDA:97,10,1,0
BRDA:99,11,0,0
BRDA:99,11,1,0
BRF:24
BRH:0
end_of_record
TN:
SF:src\components\PromptExampleInfo.js
FNF:0
FNH:0
DA:1,0
LF:1
LH:0
BRF:0
BRH:0
end_of_record
TN:
SF:src\components\Sidebar.js
FN:21,(anonymous_0)
FN:24,(anonymous_1)
FN:26,(anonymous_2)
FN:36,(anonymous_3)
FN:39,(anonymous_4)
FN:42,(anonymous_5)
FN:57,(anonymous_6)
FN:62,(anonymous_7)
FN:78,(anonymous_8)
FN:85,(anonymous_9)
FN:101,(anonymous_10)
FN:102,(anonymous_11)
FN:152,(anonymous_12)
FN:159,(anonymous_13)
FN:167,(anonymous_14)
FN:192,(anonymous_15)
FN:217,(anonymous_16)
FNF:17
FNH:0
FNDA:0,(anonymous_0)
FNDA:0,(anonymous_1)
FNDA:0,(anonymous_2)
FNDA:0,(anonymous_3)
FNDA:0,(anonymous_4)
FNDA:0,(anonymous_5)
FNDA:0,(anonymous_6)
FNDA:0,(anonymous_7)
FNDA:0,(anonymous_8)
FNDA:0,(anonymous_9)
FNDA:0,(anonymous_10)
FNDA:0,(anonymous_11)
FNDA:0,(anonymous_12)
FNDA:0,(anonymous_13)
FNDA:0,(anonymous_14)
FNDA:0,(anonymous_15)
FNDA:0,(anonymous_16)
DA:21,0
DA:22,0
DA:23,0
DA:25,0
DA:27,0
DA:30,0
DA:31,0
DA:33,0
DA:37,0
DA:38,0
DA:39,0
DA:40,0
DA:41,0
DA:43,0
DA:47,0
DA:51,0
DA:54,0
DA:55,0
DA:57,0
DA:58,0
DA:59,0
DA:62,0
DA:63,0
DA:64,0
DA:67,0
DA:78,0
DA:85,0
DA:101,0
DA:103,0
DA:152,0
DA:153,0
DA:154,0
DA:156,0
DA:157,0
DA:159,0
DA:160,0
DA:163,0
DA:167,0
DA:193,0
DA:218,0
LF:40
LH:0
BRDA:27,0,0,0
BRDA:27,0,1,0
BRDA:27,1,0,0
BRDA:27,1,1,0
BRDA:30,2,0,0
BRDA:30,2,1,0
BRDA:38,3,0,0
BRDA:38,3,1,0
BRDA:40,4,0,0
BRDA:40,4,1,0
BRDA:43,5,0,0
BRDA:43,5,1,0
BRDA:43,6,0,0
BRDA:43,6,1,0
BRDA:63,7,0,0
BRDA:63,7,1,0
BRDA:71,8,0,0
BRDA:71,8,1,0
BRDA:99,9,0,0
BRDA:99,9,1,0
BRDA:163,10,0,0
BRDA:163,10,1,0
BRDA:167,11,0,0
BRDA:167,11,1,0
BRDA:169,12,0,0
BRDA:169,12,1,0
BRDA:187,13,0,0
BRDA:187,13,1,0
BRDA:197,14,0,0
BRDA:197,14,1,0
BRDA:216,15,0,0
BRDA:216,15,1,0
BRDA:221,16,0,0
BRDA:221,16,1,0
BRDA:251,17,0,0
BRDA:251,17,1,0
BRF:36
BRH:0
end_of_record
TN:
SF:src\components\TreeCalculatedChart.js
FN:11,(anonymous_0)
FN:14,(anonymous_1)
FN:15,(anonymous_2)
FN:22,(anonymous_3)
FN:26,(anonymous_4)
FN:29,(anonymous_5)
FN:30,(anonymous_6)
FN:31,(anonymous_7)
FN:42,(anonymous_8)
FN:46,(anonymous_9)
FN:53,(anonymous_10)
FN:54,(anonymous_11)
FN:76,(anonymous_12)
FN:136,(anonymous_13)
FN:162,(anonymous_14)
FN:166,(anonymous_15)
FN:172,(anonymous_16)
FN:178,(anonymous_17)
FN:184,(anonymous_18)
FN:190,(anonymous_19)
FN:195,(anonymous_20)
FN:200,(anonymous_21)
FN:204,(anonymous_22)
FN:208,(anonymous_23)
FN:212,(anonymous_24)
FN:219,(anonymous_25)
FN:220,(anonymous_26)
FN:223,(anonymous_27)
FN:224,(anonymous_28)
FN:237,(anonymous_29)
FN:243,(anonymous_30)
FN:264,(anonymous_31)
FN:312,(anonymous_32)
FN:327,(anonymous_33)
FN:333,(anonymous_34)
FN:338,(anonymous_35)
FN:346,(anonymous_36)
FN:350,(anonymous_37)
FN:354,(anonymous_38)
FN:359,(anonymous_39)
FN:368,convertValues
FN:374,(anonymous_41)
FN:377,(anonymous_42)
FNF:43
FNH:0
FNDA:0,(anonymous_0)
FNDA:0,(anonymous_1)
FNDA:0,(anonymous_2)
FNDA:0,(anonymous_3)
FNDA:0,(anonymous_4)
FNDA:0,(anonymous_5)
FNDA:0,(anonymous_6)
FNDA:0,(anonymous_7)
FNDA:0,(anonymous_8)
FNDA:0,(anonymous_9)
FNDA:0,(anonymous_10)
FNDA:0,(anonymous_11)
FNDA:0,(anonymous_12)
FNDA:0,(anonymous_13)
FNDA:0,(anonymous_14)
FNDA:0,(anonymous_15)
FNDA:0,(anonymous_16)
FNDA:0,(anonymous_17)
FNDA:0,(anonymous_18)
FNDA:0,(anonymous_19)
FNDA:0,(anonymous_20)
FNDA:0,(anonymous_21)
FNDA:0,(anonymous_22)
FNDA:0,(anonymous_23)
FNDA:0,(anonymous_24)
FNDA:0,(anonymous_25)
FNDA:0,(anonymous_26)
FNDA:0,(anonymous_27)
FNDA:0,(anonymous_28)
FNDA:0,(anonymous_29)
FNDA:0,(anonymous_30)
FNDA:0,(anonymous_31)
FNDA:0,(anonymous_32)
FNDA:0,(anonymous_33)
FNDA:0,(anonymous_34)
FNDA:0,(anonymous_35)
FNDA:0,(anonymous_36)
FNDA:0,(anonymous_37)
FNDA:0,(anonymous_38)
FNDA:0,(anonymous_39)
FNDA:0,convertValues
FNDA:0,(anonymous_41)
FNDA:0,(anonymous_42)
DA:11,0
DA:12,0
DA:14,0
DA:15,0
DA:16,0
DA:17,0
DA:19,0
DA:22,0
DA:23,0
DA:24,0
DA:25,0
DA:26,0
DA:27,0
DA:28,0
DA:29,0
DA:30,0
DA:31,0
DA:34,0
DA:38,0
DA:42,0
DA:47,0
DA:54,0
DA:56,0
DA:79,0
DA:81,0
DA:137,0
DA:139,0
DA:148,0
DA:149,0
DA:151,0
DA:152,0
DA:154,0
DA:155,0
DA:156,0
DA:157,0
DA:158,0
DA:163,0
DA:167,0
DA:168,0
DA:169,0
DA:173,0
DA:174,0
DA:179,0
DA:180,0
DA:185,0
DA:186,0
DA:187,0
DA:191,0
DA:192,0
DA:196,0
DA:197,0
DA:200,0
DA:201,0
DA:204,0
DA:205,0
DA:208,0
DA:209,0
DA:210,0
DA:212,0
DA:214,0
DA:215,0
DA:218,0
DA:219,0
DA:220,0
DA:221,0
DA:223,0
DA:224,0
DA:225,0
DA:226,0
DA:228,0
DA:233,0
DA:237,0
DA:238,0
DA:239,0
DA:240,0
DA:244,0
DA:245,0
DA:246,0
DA:248,0
DA:265,0
DA:313,0
DA:327,0
DA:329,0
DA:333,0
DA:338,0
DA:346,0
DA:350,0
DA:354,0
DA:359,0
DA:369,0
DA:370,0
DA:371,0
DA:373,0
DA:374,0
DA:377,0
LF:95
LH:0
BRDA:16,0,0,0
BRDA:16,0,1,0
BRDA:24,1,0,0
BRDA:24,1,1,0
BRDA:24,2,0,0
BRDA:24,2,1,0
BRDA:27,3,0,0
BRDA:27,3,1,0
BRDA:27,4,0,0
BRDA:27,4,1,0
BRDA:41,5,0,0
BRDA:41,5,1,0
BRDA:41,6,0,0
BRDA:41,6,1,0
BRDA:41,7,0,0
BRDA:41,7,1,0
BRDA:42,8,0,0
BRDA:42,8,1,0
BRDA:42,9,0,0
BRDA:42,9,1,0
BRDA:42,10,0,0
BRDA:42,10,1,0
BRDA:43,11,0,0
BRDA:43,11,1,0
BRDA:44,12,0,0
BRDA:44,12,1,0
BRDA:45,13,0,0
BRDA:45,13,1,0
BRDA:45,14,0,0
BRDA:45,14,1,0
BRDA:52,15,0,0
BRDA:52,15,1,0
BRDA:52,16,0,0
BRDA:52,16,1,0
BRDA:56,17,0,0
BRDA:56,17,1,0
BRDA:58,18,0,0
BRDA:58,18,1,0
BRDA:58,18,2,0
BRDA:63,19,0,0
BRDA:63,19,1,0
BRDA:63,20,0,0
BRDA:63,20,1,0
BRDA:79,21,0,0
BRDA:79,21,1,0
BRDA:79,22,0,0
BRDA:79,22,1,0
BRDA:83,23,0,0
BRDA:83,23,1,0
BRDA:95,24,0,0
BRDA:95,24,1,0
BRDA:96,25,0,0
BRDA:96,25,1,0
BRDA:97,26,0,0
BRDA:97,26,1,0
BRDA:98,27,0,0
BRDA:98,27,1,0
BRDA:102,28,0,0
BRDA:102,28,1,0
BRDA:104,29,0,0
BRDA:104,29,1,0
BRDA:109,30,0,0
BRDA:109,30,1,0
BRDA:109,31,0,0
BRDA:109,31,1,0
BRDA:113,32,0,0
BRDA:113,32,1,0
BRDA:113,33,0,0
BRDA:113,33,1,0
BRDA:115,34,0,0
BRDA:115,34,1,0
BRDA:120,35,0,0
BRDA:120,35,1,0
BRDA:120,36,0,0
BRDA:120,36,1,0
BRDA:121,37,0,0
BRDA:121,37,1,0
BRDA:173,38,0,0
BRDA:173,38,1,0
BRDA:179,39,0,0
BRDA:179,39,1,0
BRDA:209,40,0,0
BRDA:209,40,1,0
BRDA:210,41,0,0
BRDA:210,41,1,0
BRDA:210,41,2,0
BRDA:214,42,0,0
BRDA:214,42,1,0
BRDA:214,43,0,0
BRDA:214,43,1,0
BRDA:218,44,0,0
BRDA:218,44,1,0
BRDA:221,45,0,0
BRDA:221,45,1,0
BRDA:225,46,0,0
BRDA:225,46,1,0
BRDA:250,47,0,0
BRDA:250,47,1,0
BRDA:251,48,0,0
BRDA:251,48,1,0
BRDA:255,49,0,0
BRDA:255,49,1,0
BRDA:258,50,0,0
BRDA:258,50,1,0
BRDA:261,51,0,0
BRDA:261,51,1,0
BRDA:261,52,0,0
BRDA:261,52,1,0
BRDA:261,53,0,0
BRDA:261,53,1,0
BRDA:309,54,0,0
BRDA:309,54,1,0
BRDA:314,55,0,0
BRDA:314,55,1,0
BRDA:331,56,0,0
BRDA:331,56,1,0
BRDA:344,57,0,0
BRDA:344,57,1,0
BRDA:357,58,0,0
BRDA:357,58,1,0
BRDA:373,59,0,0
BRDA:373,59,1,0
BRF:122
BRH:0
end_of_record
TN:
SF:src\components\passwordModal.js
FN:14,(anonymous_0)
FN:23,(anonymous_1)
FN:31,(anonymous_2)
FN:63,(anonymous_3)
FN:74,(anonymous_4)
FN:81,(anonymous_5)
FN:84,(anonymous_6)
FN:87,(anonymous_7)
FN:105,(anonymous_8)
FN:111,(anonymous_9)
FN:132,(anonymous_10)
FN:138,(anonymous_11)
FN:160,(anonymous_12)
FN:166,(anonymous_13)
FNF:14
FNH:0
FNDA:0,(anonymous_0)
FNDA:0,(anonymous_1)
FNDA:0,(anonymous_2)
FNDA:0,(anonymous_3)
FNDA:0,(anonymous_4)
FNDA:0,(anonymous_5)
FNDA:0,(anonymous_6)
FNDA:0,(anonymous_7)
FNDA:0,(anonymous_8)
FNDA:0,(anonymous_9)
FNDA:0,(anonymous_10)
FNDA:0,(anonymous_11)
FNDA:0,(anonymous_12)
FNDA:0,(anonymous_13)
DA:14,0
DA:15,0
DA:16,0
DA:17,0
DA:18,0
DA:19,0
DA:20,0
DA:21,0
DA:23,0
DA:24,0
DA:31,0
DA:33,0
DA:34,0
DA:35,0
DA:37,0
DA:38,0
DA:39,0
DA:41,0
DA:42,0
DA:43,0
DA:45,0
DA:46,0
DA:47,0
DA:50,0
DA:54,0
DA:55,0
DA:58,0
DA:64,0
DA:65,0
DA:66,0
DA:69,0
DA:70,0
DA:74,0
DA:78,0
DA:81,0
DA:84,0
DA:87,0
DA:105,0
DA:111,0
DA:132,0
DA:138,0
DA:160,0
DA:166,0
LF:43
LH:0
BRDA:33,0,0,0
BRDA:33,0,1,0
BRDA:37,1,0,0
BRDA:37,1,1,0
BRDA:41,2,0,0
BRDA:41,2,1,0
BRDA:45,3,0,0
BRDA:45,3,1,0
BRDA:50,4,0,0
BRDA:50,4,1,0
BRDA:50,5,0,0
BRDA:50,5,1,0
BRDA:64,6,0,0
BRDA:64,6,1,0
BRDA:69,7,0,0
BRDA:69,7,1,0
BRDA:74,8,0,0
BRDA:74,8,1,0
BRDA:103,9,0,0
BRDA:103,9,1,0
BRDA:114,10,0,0
BRDA:114,10,1,0
BRDA:130,11,0,0
BRDA:130,11,1,0
BRDA:141,12,0,0
BRDA:141,12,1,0
BRDA:158,13,0,0
BRDA:158,13,1,0
BRDA:169,14,0,0
BRDA:169,14,1,0
BRF:30
BRH:0
end_of_record
TN:
SF:src\components\dashboard\DisplayValues.js
FN:4,(anonymous_0)
FN:5,(anonymous_1)
FN:20,(anonymous_2)
FN:25,(anonymous_3)
FN:26,(anonymous_4)
FN:40,(anonymous_5)
FN:41,(anonymous_6)
FNF:7
FNH:0
FNDA:0,(anonymous_0)
FNDA:0,(anonymous_1)
FNDA:0,(anonymous_2)
FNDA:0,(anonymous_3)
FNDA:0,(anonymous_4)
FNDA:0,(anonymous_5)
FNDA:0,(anonymous_6)
DA:4,1
DA:5,0
DA:6,0
DA:20,1
DA:21,0
DA:23,0
DA:26,0
DA:27,0
DA:40,1
DA:41,0
DA:42,0
LF:11
LH:3
BRDA:21,0,0,0
BRDA:21,0,1,0
BRF:2
BRH:0
end_of_record
TN:
SF:src\components\dashboard\Graphs.js
FN:6,(anonymous_0)
FN:13,(anonymous_1)
FN:17,(anonymous_2)
FNF:3
FNH:0
FNDA:0,(anonymous_0)
FNDA:0,(anonymous_1)
FNDA:0,(anonymous_2)
DA:6,1
DA:7,0
DA:9,0
DA:10,0
DA:13,0
DA:14,0
DA:17,0
DA:18,0
DA:21,0
LF:9
LH:1
BRDA:6,0,0,0
BRDA:23,1,0,0
BRDA:23,1,1,0
BRF:3
BRH:0
end_of_record
TN:
SF:src\components\dashboard\IndividualTabWrapper.js
FN:5,(anonymous_0)
FN:6,(anonymous_1)
FN:9,(anonymous_2)
FN:17,(anonymous_3)
FNF:4
FNH:1
FNDA:4,(anonymous_0)
FNDA:0,(anonymous_1)
FNDA:0,(anonymous_2)
FNDA:0,(anonymous_3)
DA:5,1
DA:6,4
DA:7,0
DA:9,0
DA:10,0
DA:14,0
DA:15,0
DA:17,0
DA:18,0
DA:21,0
LF:10
LH:2
BRF:0
BRH:0
end_of_record
TN:
SF:src\components\dashboard\PanelWrapper.js
FN:753,(anonymous_0)
FN:754,(anonymous_1)
FN:757,(anonymous_2)
FN:763,(anonymous_3)
FNF:4
FNH:2
FNDA:5,(anonymous_0)
FNDA:25,(anonymous_1)
FNDA:0,(anonymous_2)
FNDA:0,(anonymous_3)
DA:6,1
DA:60,1
DA:114,1
DA:168,1
DA:241,1
DA:362,1
DA:435,1
DA:753,1
DA:754,5
DA:755,25
DA:757,0
DA:758,0
DA:761,0
DA:763,0
DA:764,0
DA:767,0
LF:16
LH:10
BRF:0
BRH:0
end_of_record
TN:
SF:src\components\dashboard\TabWrapper.js
FN:7,(anonymous_0)
FN:8,(anonymous_1)
FN:13,(anonymous_2)
FN:17,(anonymous_3)
FN:21,(anonymous_4)
FN:29,(anonymous_5)
FNF:6
FNH:1
FNDA:4,(anonymous_0)
FNDA:0,(anonymous_1)
FNDA:0,(anonymous_2)
FNDA:0,(anonymous_3)
FNDA:0,(anonymous_4)
FNDA:0,(anonymous_5)
DA:7,1
DA:8,4
DA:9,0
DA:11,0
DA:13,0
DA:14,0
DA:17,0
DA:18,0
DA:21,0
DA:22,0
DA:25,0
DA:30,0
LF:12
LH:2
BRDA:34,0,0,0
BRDA:34,0,1,0
BRF:2
BRH:0
end_of_record
TN:
SF:src\components\treeList\DataTableList.js
FN:8,(anonymous_0)
FN:18,(anonymous_1)
FN:23,(anonymous_2)
FN:28,(anonymous_3)
FN:37,(anonymous_4)
FN:44,(anonymous_5)
FN:46,(anonymous_6)
FN:47,(anonymous_7)
FN:50,(anonymous_8)
FN:73,(anonymous_9)
FN:80,(anonymous_10)
FN:86,(anonymous_11)
FN:113,(anonymous_12)
FN:123,(anonymous_13)
FN:133,(anonymous_14)
FN:137,(anonymous_15)
FN:146,(anonymous_16)
FN:153,(anonymous_17)
FN:157,(anonymous_18)
FN:160,(anonymous_19)
FN:164,(anonymous_20)
FN:167,(anonymous_21)
FN:175,(anonymous_22)
FN:177,(anonymous_23)
FN:183,(anonymous_24)
FN:203,(anonymous_25)
FN:209,(anonymous_26)
FN:215,(anonymous_27)
FN:217,(anonymous_28)
FN:229,(anonymous_29)
FN:242,(anonymous_30)
FN:266,(anonymous_31)
FN:282,(anonymous_32)
FNF:33
FNH:0
FNDA:0,(anonymous_0)
FNDA:0,(anonymous_1)
FNDA:0,(anonymous_2)
FNDA:0,(anonymous_3)
FNDA:0,(anonymous_4)
FNDA:0,(anonymous_5)
FNDA:0,(anonymous_6)
FNDA:0,(anonymous_7)
FNDA:0,(anonymous_8)
FNDA:0,(anonymous_9)
FNDA:0,(anonymous_10)
FNDA:0,(anonymous_11)
FNDA:0,(anonymous_12)
FNDA:0,(anonymous_13)
FNDA:0,(anonymous_14)
FNDA:0,(anonymous_15)
FNDA:0,(anonymous_16)
FNDA:0,(anonymous_17)
FNDA:0,(anonymous_18)
FNDA:0,(anonymous_19)
FNDA:0,(anonymous_20)
FNDA:0,(anonymous_21)
FNDA:0,(anonymous_22)
FNDA:0,(anonymous_23)
FNDA:0,(anonymous_24)
FNDA:0,(anonymous_25)
FNDA:0,(anonymous_26)
FNDA:0,(anonymous_27)
FNDA:0,(anonymous_28)
FNDA:0,(anonymous_29)
FNDA:0,(anonymous_30)
FNDA:0,(anonymous_31)
FNDA:0,(anonymous_32)
DA:8,0
DA:9,0
DA:10,0
DA:11,0
DA:16,0
DA:18,0
DA:19,0
DA:20,0
DA:23,0
DA:24,0
DA:25,0
DA:28,0
DA:29,0
DA:31,0
DA:34,0
DA:37,0
DA:38,0
DA:39,0
DA:44,0
DA:45,0
DA:46,0
DA:47,0
DA:50,0
DA:51,0
DA:52,0
DA:55,0
DA:59,0
DA:60,0
DA:61,0
DA:63,0
DA:64,0
DA:65,0
DA:74,0
DA:75,0
DA:76,0
DA:77,0
DA:80,0
DA:82,0
DA:86,0
DA:87,0
DA:89,0
DA:93,0
DA:97,0
DA:98,0
DA:99,0
DA:102,0
DA:103,0
DA:105,0
DA:106,0
DA:107,0
DA:109,0
DA:110,0
DA:112,0
DA:113,0
DA:115,0
DA:124,0
DA:125,0
DA:128,0
DA:130,0
DA:133,0
DA:137,0
DA:138,0
DA:139,0
DA:140,0
DA:141,0
DA:147,0
DA:148,0
DA:149,0
DA:150,0
DA:153,0
DA:157,0
DA:158,0
DA:159,0
DA:161,0
DA:162,0
DA:164,0
DA:167,0
DA:168,0
DA:171,0
DA:176,0
DA:177,0
DA:183,0
DA:204,0
DA:209,0
DA:216,0
DA:217,0
DA:230,0
DA:242,0
DA:267,0
DA:282,0
LF:90
LH:0
BRDA:59,0,0,0
BRDA:59,0,1,0
BRDA:64,1,0,0
BRDA:64,1,1,0
BRDA:74,2,0,0
BRDA:74,2,1,0
BRDA:97,3,0,0
BRDA:97,3,1,0
BRDA:105,4,0,0
BRDA:105,4,1,0
BRDA:105,5,0,0
BRDA:105,5,1,0
BRDA:110,6,0,0
BRDA:110,6,1,0
BRDA:121,7,0,0
BRDA:121,7,1,0
BRDA:124,8,0,0
BRDA:124,8,1,0
BRDA:140,9,0,0
BRDA:140,9,1,0
BRDA:147,10,0,0
BRDA:147,10,1,0
BRDA:173,11,0,0
BRDA:173,11,1,0
BRDA:221,12,0,0
BRDA:221,12,1,0
BRDA:279,13,0,0
BRDA:279,13,1,0
BRF:28
BRH:0
end_of_record
TN:
SF:src\components\treeList\OperatorList.js
FN:6,(anonymous_0)
FN:12,(anonymous_1)
FN:14,(anonymous_2)
FNF:3
FNH:0
FNDA:0,(anonymous_0)
FNDA:0,(anonymous_1)
FNDA:0,(anonymous_2)
DA:6,0
DA:8,0
DA:13,0
DA:14,0
LF:4
LH:0
BRF:0
BRH:0
end_of_record
TN:
SF:src\components\treeList\ParameterList.js
FN:7,(anonymous_0)
FN:11,(anonymous_1)
FN:16,(anonymous_2)
FN:20,(anonymous_3)
FN:23,(anonymous_4)
FN:36,(anonymous_5)
FN:39,(anonymous_6)
FN:42,(anonymous_7)
FN:43,(anonymous_8)
FN:53,(anonymous_9)
FN:61,(anonymous_10)
FN:64,(anonymous_11)
FN:65,(anonymous_12)
FN:68,(anonymous_13)
FNF:14
FNH:0
FNDA:0,(anonymous_0)
FNDA:0,(anonymous_1)
FNDA:0,(anonymous_2)
FNDA:0,(anonymous_3)
FNDA:0,(anonymous_4)
FNDA:0,(anonymous_5)
FNDA:0,(anonymous_6)
FNDA:0,(anonymous_7)
FNDA:0,(anonymous_8)
FNDA:0,(anonymous_9)
FNDA:0,(anonymous_10)
FNDA:0,(anonymous_11)
FNDA:0,(anonymous_12)
FNDA:0,(anonymous_13)
DA:7,0
DA:8,0
DA:9,0
DA:11,0
DA:12,0
DA:13,0
DA:16,0
DA:17,0
DA:18,0
DA:21,0
DA:22,0
DA:24,0
DA:31,0
DA:33,0
DA:36,0
DA:39,0
DA:40,0
DA:42,0
DA:44,0
DA:53,0
DA:54,0
DA:55,0
DA:58,0
DA:62,0
DA:64,0
DA:65,0
DA:68,0
LF:27
LH:0
BRDA:7,0,0,0
BRDA:21,1,0,0
BRDA:21,1,1,0
BRDA:54,2,0,0
BRDA:54,2,1,0
BRDA:59,3,0,0
BRDA:59,3,1,0
BRDA:69,4,0,0
BRDA:69,4,1,0
BRDA:75,5,0,0
BRDA:75,5,1,0
BRF:11
BRH:0
end_of_record
TN:
SF:src\contexts\kpi\KPIContext.js
FN:9,(anonymous_0)
FN:24,(anonymous_1)
FN:33,(anonymous_2)
FN:44,(anonymous_3)
FN:69,(anonymous_4)
FN:70,(anonymous_5)
FN:73,(anonymous_6)
FN:78,(anonymous_7)
FN:113,(anonymous_8)
FN:114,(anonymous_9)
FN:118,(anonymous_10)
FN:122,(anonymous_11)
FN:123,(anonymous_12)
FN:129,(anonymous_13)
FN:130,(anonymous_14)
FN:142,(anonymous_15)
FN:152,(anonymous_16)
FN:157,(anonymous_17)
FN:158,(anonymous_18)
FN:164,(anonymous_19)
FN:165,(anonymous_20)
FNF:21
FNH:0
FNDA:0,(anonymous_0)
FNDA:0,(anonymous_1)
FNDA:0,(anonymous_2)
FNDA:0,(anonymous_3)
FNDA:0,(anonymous_4)
FNDA:0,(anonymous_5)
FNDA:0,(anonymous_6)
FNDA:0,(anonymous_7)
FNDA:0,(anonymous_8)
FNDA:0,(anonymous_9)
FNDA:0,(anonymous_10)
FNDA:0,(anonymous_11)
FNDA:0,(anonymous_12)
FNDA:0,(anonymous_13)
FNDA:0,(anonymous_14)
FNDA:0,(anonymous_15)
FNDA:0,(anonymous_16)
FNDA:0,(anonymous_17)
FNDA:0,(anonymous_18)
FNDA:0,(anonymous_19)
FNDA:0,(anonymous_20)
DA:7,0
DA:9,0
DA:10,0
DA:11,0
DA:14,0
DA:15,0
DA:16,0
DA:17,0
DA:18,0
DA:19,0
DA:20,0
DA:21,0
DA:22,0
DA:24,0
DA:25,0
DA:26,0
DA:27,0
DA:29,0
DA:30,0
DA:32,0
DA:33,0
DA:34,0
DA:37,0
DA:42,0
DA:45,0
DA:46,0
DA:47,0
DA:65,0
DA:66,0
DA:69,0
DA:70,0
DA:73,0
DA:74,0
DA:75,0
DA:76,0
DA:79,0
DA:80,0
DA:82,0
DA:83,0
DA:84,0
DA:109,0
DA:110,0
DA:113,0
DA:114,0
DA:118,0
DA:119,0
DA:120,0
DA:121,0
DA:122,0
DA:123,0
DA:124,0
DA:128,0
DA:129,0
DA:130,0
DA:131,0
DA:132,0
DA:133,0
DA:135,0
DA:141,0
DA:142,0
DA:143,0
DA:146,0
DA:148,0
DA:149,0
DA:152,0
DA:153,0
DA:154,0
DA:155,0
DA:158,0
DA:159,0
DA:160,0
DA:161,0
DA:164,0
DA:165,0
DA:170,0
LF:75
LH:0
BRDA:29,0,0,0
BRDA:29,0,1,0
BRDA:29,1,0,0
BRDA:29,1,1,0
BRDA:32,2,0,0
BRDA:32,2,1,0
BRDA:45,3,0,0
BRDA:45,3,1,0
BRDA:59,4,0,0
BRDA:59,4,1,0
BRDA:75,5,0,0
BRDA:75,5,1,0
BRDA:79,6,0,0
BRDA:79,6,1,0
BRDA:92,7,0,0
BRDA:92,7,1,0
BRDA:120,8,0,0
BRDA:120,8,1,0
BRDA:131,9,0,0
BRDA:131,9,1,0
BRDA:132,10,0,0
BRDA:132,10,1,0
BRDA:154,11,0,0
BRDA:154,11,1,0
BRDA:160,12,0,0
BRDA:160,12,1,0
BRF:26
BRH:0
end_of_record
TN:
SF:src\contexts\kpi\index.js
FNF:0
FNH:0
LF:0
LH:0
BRF:0
BRH:0
end_of_record
TN:
SF:src\contexts\menu\MenuContext.js
FN:7,(anonymous_0)
FN:11,(anonymous_1)
FN:16,(anonymous_2)
FN:18,(anonymous_3)
FN:30,(anonymous_4)
FN:31,(anonymous_5)
FN:41,(anonymous_6)
FN:42,(anonymous_7)
FN:43,(anonymous_8)
FN:48,(anonymous_9)
FNF:10
FNH:0
FNDA:0,(anonymous_0)
FNDA:0,(anonymous_1)
FNDA:0,(anonymous_2)
FNDA:0,(anonymous_3)
FNDA:0,(anonymous_4)
FNDA:0,(anonymous_5)
FNDA:0,(anonymous_6)
FNDA:0,(anonymous_7)
FNDA:0,(anonymous_8)
FNDA:0,(anonymous_9)
DA:5,0
DA:7,0
DA:8,0
DA:9,0
DA:11,0
DA:12,0
DA:15,0
DA:17,0
DA:18,0
DA:19,0
DA:20,0
DA:22,0
DA:23,0
DA:27,0
DA:30,0
DA:31,0
DA:41,0
DA:42,0
DA:44,0
DA:48,0
DA:49,0
DA:52,0
LF:22
LH:0
BRDA:17,0,0,0
BRDA:17,0,1,0
BRDA:19,1,0,0
BRDA:19,1,1,0
BRDA:22,2,0,0
BRDA:22,2,1,0
BRF:6
BRH:0
end_of_record
TN:
SF:src\contexts\menu\index.js
FNF:0
FNH:0
LF:0
LH:0
BRF:0
BRH:0
end_of_record
TN:
SF:src\contexts\snackbar\ConfirmDialogContext.js
FN:6,(anonymous_0)
FNF:1
FNH:0
FNDA:0,(anonymous_0)
DA:4,1
DA:6,1
DA:7,0
DA:9,0
LF:4
LH:2
BRF:0
BRH:0
end_of_record
TN:
SF:src\contexts\snackbar\SnackBarContext.js
FN:6,(anonymous_0)
FN:8,(anonymous_1)
FN:16,(anonymous_2)
FN:17,(anonymous_3)
FNF:4
FNH:0
FNDA:0,(anonymous_0)
FNDA:0,(anonymous_1)
FNDA:0,(anonymous_2)
FNDA:0,(anonymous_3)
DA:4,1
DA:6,1
DA:7,0
DA:8,0
DA:10,0
DA:16,0
DA:17,0
LF:7
LH:2
BRDA:15,0,0,0
BRDA:15,0,1,0
BRF:2
BRH:0
end_of_record
TN:
SF:src\contexts\snackbar\index.js
FNF:0
FNH:0
LF:0
LH:0
BRF:0
BRH:0
end_of_record
TN:
SF:src\contexts\theme\ThemeContext.js
FN:6,(anonymous_0)
FN:10,(anonymous_1)
FN:11,(anonymous_2)
FN:15,(anonymous_3)
FN:16,(anonymous_4)
FN:20,(anonymous_5)
FNF:6
FNH:0
FNDA:0,(anonymous_0)
FNDA:0,(anonymous_1)
FNDA:0,(anonymous_2)
FNDA:0,(anonymous_3)
FNDA:0,(anonymous_4)
FNDA:0,(anonymous_5)
DA:4,0
DA:6,0
DA:7,0
DA:8,0
DA:10,0
DA:11,0
DA:12,0
DA:15,0
DA:16,0
DA:17,0
DA:20,0
DA:21,0
DA:22,0
DA:23,0
DA:24,0
DA:27,0
LF:16
LH:0
BRDA:22,0,0,0
BRDA:22,0,1,0
BRDA:24,1,0,0
BRDA:24,1,1,0
BRF:4
BRH:0
end_of_record
TN:
SF:src\contexts\theme\index.js
FNF:0
FNH:0
LF:0
LH:0
BRF:0
BRH:0
end_of_record
TN:
SF:src\hooks\index.js
FNF:0
FNH:0
LF:0
LH:0
BRF:0
BRH:0
end_of_record
TN:
SF:src\hooks\useApi.js
FN:4,(anonymous_0)
FN:11,(anonymous_1)
FN:14,(anonymous_2)
FN:21,(anonymous_3)
FN:26,(anonymous_4)
FNF:5
FNH:0
FNDA:0,(anonymous_0)
FNDA:0,(anonymous_1)
FNDA:0,(anonymous_2)
FNDA:0,(anonymous_3)
FNDA:0,(anonymous_4)
DA:4,0
DA:5,0
DA:6,0
DA:7,0
DA:9,0
DA:11,0
DA:12,0
DA:13,0
DA:15,0
DA:16,0
DA:17,0
DA:19,0
DA:22,0
DA:23,0
DA:24,0
DA:26,0
DA:29,0
LF:17
LH:0
BRDA:16,0,0,0
BRDA:16,0,1,0
BRF:2
BRH:0
end_of_record
TN:
SF:src\hooks\useConfirmDialog.js
FN:4,(anonymous_0)
FN:8,(anonymous_1)
FN:9,(anonymous_2)
FN:14,(anonymous_3)
FN:20,(anonymous_4)
FN:24,(anonymous_5)
FN:32,(anonymous_6)
FN:33,(anonymous_7)
FNF:8
FNH:0
FNDA:0,(anonymous_0)
FNDA:0,(anonymous_1)
FNDA:0,(anonymous_2)
FNDA:0,(anonymous_3)
FNDA:0,(anonymous_4)
FNDA:0,(anonymous_5)
FNDA:0,(anonymous_6)
FNDA:0,(anonymous_7)
DA:4,0
DA:5,0
DA:6,0
DA:8,0
DA:9,0
DA:10,0
DA:11,0
DA:14,0
DA:15,0
DA:16,0
DA:19,0
DA:21,0
DA:22,0
DA:25,0
DA:26,0
DA:32,0
DA:33,0
DA:34,0
DA:35,0
DA:40,0
LF:20
LH:0
BRDA:8,0,0,0
BRDA:8,1,0,0
BRDA:34,2,0,0
BRDA:34,2,1,0
BRDA:34,3,0,0
BRDA:34,3,1,0
BRF:6
BRH:0
end_of_record
TN:
SF:src\hooks\useDashboardApi.js
FN:4,(anonymous_0)
FN:11,(anonymous_1)
FN:14,(anonymous_2)
FN:29,(anonymous_3)
FN:34,(anonymous_4)
FNF:5
FNH:0
FNDA:0,(anonymous_0)
FNDA:0,(anonymous_1)
FNDA:0,(anonymous_2)
FNDA:0,(anonymous_3)
FNDA:0,(anonymous_4)
DA:4,1
DA:5,0
DA:6,0
DA:7,0
DA:9,0
DA:11,0
DA:12,0
DA:13,0
DA:15,0
DA:16,0
DA:17,0
DA:18,0
DA:20,0
DA:22,0
DA:23,0
DA:25,0
DA:26,0
DA:27,0
DA:30,0
DA:31,0
DA:32,0
DA:34,0
DA:38,0
LF:23
LH:1
BRDA:17,0,0,0
BRDA:17,0,1,0
BRDA:22,1,0,0
BRDA:22,1,1,0
BRDA:23,2,0,0
BRDA:23,2,1,0
BRDA:23,3,0,0
BRDA:23,3,1,0
BRDA:25,4,0,0
BRDA:25,4,1,0
BRF:10
BRH:0
end_of_record
TN:
SF:src\hooks\useKPI.js
FN:5,(anonymous_0)
FNF:1
FNH:0
FNDA:0,(anonymous_0)
DA:5,0
DA:6,0
LF:2
LH:0
BRF:0
BRH:0
end_of_record
TN:
SF:src\hooks\useMenu.js
FN:5,(anonymous_0)
FNF:1
FNH:0
FNDA:0,(anonymous_0)
DA:5,0
DA:6,0
LF:2
LH:0
BRF:0
BRH:0
end_of_record
TN:
SF:src\hooks\useSnackBar.js
FN:5,(anonymous_0)
FNF:1
FNH:0
FNDA:0,(anonymous_0)
DA:5,1
DA:6,0
LF:2
LH:1
BRF:0
BRH:0
end_of_record
TN:
SF:src\hooks\useTheme.js
FN:5,(anonymous_0)
FNF:1
FNH:0
FNDA:0,(anonymous_0)
DA:5,0
DA:6,0
LF:2
LH:0
BRF:0
BRH:0
end_of_record
TN:
SF:src\pages\HomeKPI.js
FN:15,(anonymous_0)
FN:27,(anonymous_1)
FN:28,(anonymous_2)
FN:31,(anonymous_3)
FN:37,(anonymous_4)
FN:40,(anonymous_5)
FN:42,(anonymous_6)
FN:50,(anonymous_7)
FN:58,(anonymous_8)
FN:59,(anonymous_9)
FN:62,(anonymous_10)
FN:86,(anonymous_11)
FN:89,(anonymous_12)
FN:106,(anonymous_13)
FN:126,(anonymous_14)
FN:136,(anonymous_15)
FN:148,(anonymous_16)
FN:161,(anonymous_17)
FN:169,(anonymous_18)
FN:211,(anonymous_19)
FNF:20
FNH:0
FNDA:0,(anonymous_0)
FNDA:0,(anonymous_1)
FNDA:0,(anonymous_2)
FNDA:0,(anonymous_3)
FNDA:0,(anonymous_4)
FNDA:0,(anonymous_5)
FNDA:0,(anonymous_6)
FNDA:0,(anonymous_7)
FNDA:0,(anonymous_8)
FNDA:0,(anonymous_9)
FNDA:0,(anonymous_10)
FNDA:0,(anonymous_11)
FNDA:0,(anonymous_12)
FNDA:0,(anonymous_13)
FNDA:0,(anonymous_14)
FNDA:0,(anonymous_15)
FNDA:0,(anonymous_16)
FNDA:0,(anonymous_17)
FNDA:0,(anonymous_18)
FNDA:0,(anonymous_19)
DA:15,0
DA:16,0
DA:17,0
DA:18,0
DA:19,0
DA:20,0
DA:21,0
DA:23,0
DA:24,0
DA:25,0
DA:27,0
DA:28,0
DA:31,0
DA:32,0
DA:33,0
DA:34,0
DA:37,0
DA:38,0
DA:40,0
DA:41,0
DA:42,0
DA:43,0
DA:44,0
DA:48,0
DA:49,0
DA:51,0
DA:52,0
DA:53,0
DA:55,0
DA:58,0
DA:59,0
DA:62,0
DA:63,0
DA:64,0
DA:68,0
DA:69,0
DA:72,0
DA:86,0
DA:89,0
DA:106,0
DA:126,0
DA:136,0
DA:148,0
DA:149,0
DA:150,0
DA:151,0
DA:152,0
DA:153,0
DA:161,0
DA:162,0
DA:166,0
DA:170,0
DA:171,0
DA:174,0
DA:211,0
DA:212,0
LF:56
LH:0
BRDA:32,0,0,0
BRDA:32,0,1,0
BRDA:41,1,0,0
BRDA:41,1,1,0
BRDA:41,2,0,0
BRDA:41,2,1,0
BRDA:43,3,0,0
BRDA:43,3,1,0
BRDA:48,4,0,0
BRDA:48,4,1,0
BRDA:51,5,0,0
BRDA:51,5,1,0
BRDA:63,6,0,0
BRDA:63,6,1,0
BRDA:68,7,0,0
BRDA:68,7,1,0
BRDA:75,8,0,0
BRDA:75,8,1,0
BRDA:77,9,0,0
BRDA:77,9,1,0
BRDA:80,10,0,0
BRDA:80,10,1,0
BRDA:86,11,0,0
BRDA:86,11,1,0
BRDA:88,12,0,0
BRDA:88,12,1,0
BRDA:103,13,0,0
BRDA:103,13,1,0
BRDA:104,14,0,0
BRDA:104,14,1,0
BRDA:112,15,0,0
BRDA:112,15,1,0
BRDA:115,16,0,0
BRDA:115,16,1,0
BRDA:119,17,0,0
BRDA:119,17,1,0
BRDA:120,18,0,0
BRDA:120,18,1,0
BRDA:125,19,0,0
BRDA:125,19,1,0
BRDA:135,20,0,0
BRDA:135,20,1,0
BRDA:149,21,0,0
BRDA:149,21,1,0
BRDA:152,22,0,0
BRDA:152,22,1,0
BRDA:152,23,0,0
BRDA:152,23,1,0
BRDA:152,23,2,0
BRDA:152,23,3,0
BRDA:162,24,0,0
BRDA:162,24,1,0
BRDA:162,25,0,0
BRDA:162,25,1,0
BRDA:163,26,0,0
BRDA:163,26,1,0
BRDA:168,27,0,0
BRDA:168,27,1,0
BRDA:170,28,0,0
BRDA:170,28,1,0
BRDA:171,29,0,0
BRDA:171,29,1,0
BRDA:177,30,0,0
BRDA:177,30,1,0
BRDA:184,31,0,0
BRDA:184,31,1,0
BRDA:184,32,0,0
BRDA:184,32,1,0
BRF:68
BRH:0
end_of_record
TN:
SF:src\pages\Iframe.js
FN:6,(anonymous_0)
FN:11,(anonymous_1)
FN:12,(anonymous_2)
FN:23,(anonymous_3)
FN:24,(anonymous_4)
FN:33,(anonymous_5)
FNF:6
FNH:0
FNDA:0,(anonymous_0)
FNDA:0,(anonymous_1)
FNDA:0,(anonymous_2)
FNDA:0,(anonymous_3)
FNDA:0,(anonymous_4)
FNDA:0,(anonymous_5)
DA:6,0
DA:7,0
DA:8,0
DA:10,0
DA:11,0
DA:12,0
DA:15,0
DA:16,0
DA:23,0
DA:24,0
DA:34,0
DA:46,0
LF:12
LH:0
BRDA:15,0,0,0
BRDA:15,0,1,0
BRDA:15,1,0,0
BRDA:15,1,1,0
BRF:4
BRH:0
end_of_record
TN:
SF:src\pages\LoginPage.js
FN:28,(anonymous_0)
FN:42,(anonymous_1)
FN:51,(anonymous_2)
FN:56,(anonymous_3)
FN:63,(anonymous_4)
FN:68,(anonymous_5)
FN:73,(anonymous_6)
FN:80,(anonymous_7)
FN:88,(anonymous_8)
FN:103,(anonymous_9)
FN:125,(anonymous_10)
FN:142,(anonymous_11)
FN:162,(anonymous_12)
FN:168,(anonymous_13)
FN:209,(anonymous_14)
FN:224,(anonymous_15)
FN:230,(anonymous_16)
FN:252,(anonymous_17)
FN:267,(anonymous_18)
FN:278,(anonymous_19)
FN:300,(anonymous_20)
FN:317,(anonymous_21)
FN:334,(anonymous_22)
FN:367,(anonymous_23)
FN:376,(anonymous_24)
FN:397,(anonymous_25)
FN:408,(anonymous_26)
FN:426,(anonymous_27)
FN:438,(anonymous_28)
FN:449,(anonymous_29)
FN:460,(anonymous_30)
FN:470,(anonymous_31)
FN:484,(anonymous_32)
FN:501,(anonymous_33)
FNF:34
FNH:0
FNDA:0,(anonymous_0)
FNDA:0,(anonymous_1)
FNDA:0,(anonymous_2)
FNDA:0,(anonymous_3)
FNDA:0,(anonymous_4)
FNDA:0,(anonymous_5)
FNDA:0,(anonymous_6)
FNDA:0,(anonymous_7)
FNDA:0,(anonymous_8)
FNDA:0,(anonymous_9)
FNDA:0,(anonymous_10)
FNDA:0,(anonymous_11)
FNDA:0,(anonymous_12)
FNDA:0,(anonymous_13)
FNDA:0,(anonymous_14)
FNDA:0,(anonymous_15)
FNDA:0,(anonymous_16)
FNDA:0,(anonymous_17)
FNDA:0,(anonymous_18)
FNDA:0,(anonymous_19)
FNDA:0,(anonymous_20)
FNDA:0,(anonymous_21)
FNDA:0,(anonymous_22)
FNDA:0,(anonymous_23)
FNDA:0,(anonymous_24)
FNDA:0,(anonymous_25)
FNDA:0,(anonymous_26)
FNDA:0,(anonymous_27)
FNDA:0,(anonymous_28)
FNDA:0,(anonymous_29)
FNDA:0,(anonymous_30)
FNDA:0,(anonymous_31)
FNDA:0,(anonymous_32)
FNDA:0,(anonymous_33)
DA:28,0
DA:30,0
DA:32,0
DA:33,0
DA:34,0
DA:35,0
DA:36,0
DA:37,0
DA:38,0
DA:40,0
DA:42,0
DA:43,0
DA:44,0
DA:46,0
DA:47,0
DA:48,0
DA:51,0
DA:52,0
DA:53,0
DA:56,0
DA:57,0
DA:58,0
DA:59,0
DA:63,0
DA:64,0
DA:69,0
DA:70,0
DA:71,0
DA:74,0
DA:75,0
DA:76,0
DA:80,0
DA:81,0
DA:82,0
DA:83,0
DA:84,0
DA:85,0
DA:87,0
DA:89,0
DA:90,0
DA:91,0
DA:92,0
DA:93,0
DA:96,0
DA:99,0
DA:100,0
DA:104,0
DA:105,0
DA:125,0
DA:126,0
DA:127,0
DA:128,0
DA:129,0
DA:132,0
DA:133,0
DA:134,0
DA:135,0
DA:136,0
DA:137,0
DA:138,0
DA:141,0
DA:143,0
DA:144,0
DA:145,0
DA:146,0
DA:147,0
DA:149,0
DA:150,0
DA:155,0
DA:156,0
DA:158,0
DA:159,0
DA:163,0
DA:164,0
DA:168,0
DA:169,0
DA:172,0
DA:209,0
DA:224,0
DA:230,0
DA:252,0
DA:267,0
DA:279,0
DA:300,0
DA:317,0
DA:334,0
DA:367,0
DA:368,0
DA:369,0
DA:370,0
DA:371,0
DA:372,0
DA:373,0
DA:376,0
DA:377,0
DA:378,0
DA:379,0
DA:380,0
DA:383,0
DA:387,0
DA:396,0
DA:398,0
DA:399,0
DA:401,0
DA:404,0
DA:405,0
DA:409,0
DA:410,0
DA:415,0
DA:426,0
DA:438,0
DA:449,0
DA:460,0
DA:470,0
DA:484,0
DA:485,0
DA:501,0
LF:117
LH:0
BRDA:43,0,0,0
BRDA:43,0,1,0
BRDA:48,1,0,0
BRDA:48,1,1,0
BRDA:53,2,0,0
BRDA:53,2,1,0
BRDA:58,3,0,0
BRDA:58,3,1,0
BRDA:83,4,0,0
BRDA:83,4,1,0
BRDA:89,5,0,0
BRDA:89,5,1,0
BRDA:92,6,0,0
BRDA:92,6,1,0
BRDA:127,7,0,0
BRDA:127,7,1,0
BRDA:127,8,0,0
BRDA:127,8,1,0
BRDA:136,9,0,0
BRDA:136,9,1,0
BRDA:136,10,0,0
BRDA:136,10,1,0
BRDA:143,11,0,0
BRDA:143,11,1,0
BRDA:149,12,0,0
BRDA:149,12,1,0
BRDA:197,13,0,0
BRDA:197,13,1,0
BRDA:222,14,0,0
BRDA:222,14,1,0
BRDA:233,15,0,0
BRDA:233,15,1,0
BRDA:245,16,0,0
BRDA:245,16,1,0
BRDA:247,17,0,0
BRDA:247,17,1,0
BRDA:264,18,0,0
BRDA:264,18,1,0
BRDA:269,19,0,0
BRDA:269,19,1,0
BRDA:290,20,0,0
BRDA:290,20,1,0
BRDA:295,21,0,0
BRDA:295,21,1,0
BRDA:312,22,0,0
BRDA:312,22,1,0
BRDA:329,23,0,0
BRDA:329,23,1,0
BRDA:378,24,0,0
BRDA:378,24,1,0
BRDA:378,25,0,0
BRDA:378,25,1,0
BRDA:398,26,0,0
BRDA:398,26,1,0
BRDA:467,27,0,0
BRDA:467,27,1,0
BRDA:472,28,0,0
BRDA:472,28,1,0
BRF:58
BRH:0
end_of_record
TN:
SF:src\pages\Settings.js
FN:10,(anonymous_0)
FN:15,(anonymous_1)
FN:16,(anonymous_2)
FN:17,(anonymous_3)
FN:19,(anonymous_4)
FN:27,(anonymous_5)
FN:33,(anonymous_6)
FN:45,(anonymous_7)
FN:59,(anonymous_8)
FN:63,(anonymous_9)
FN:70,(anonymous_10)
FN:74,(anonymous_11)
FN:78,(anonymous_12)
FN:79,(anonymous_13)
FN:91,(anonymous_14)
FN:95,(anonymous_15)
FN:97,(anonymous_16)
FN:103,(anonymous_17)
FN:105,(anonymous_18)
FN:109,(anonymous_19)
FN:116,(anonymous_20)
FN:123,(anonymous_21)
FN:143,(anonymous_22)
FN:144,(anonymous_23)
FN:154,(anonymous_24)
FN:154,(anonymous_25)
FN:158,(anonymous_26)
FN:159,(anonymous_27)
FN:160,(anonymous_28)
FN:163,(anonymous_29)
FN:166,(anonymous_30)
FN:186,(anonymous_31)
FN:197,(anonymous_32)
FN:226,(anonymous_33)
FN:236,(anonymous_34)
FN:240,(anonymous_35)
FN:251,(anonymous_36)
FN:274,(anonymous_37)
FN:282,(anonymous_38)
FN:283,(anonymous_39)
FN:290,(anonymous_40)
FN:304,(anonymous_41)
FN:305,(anonymous_42)
FN:330,(anonymous_43)
FN:336,(anonymous_44)
FN:342,(anonymous_45)
FN:344,(anonymous_46)
FN:347,(anonymous_47)
FN:351,(anonymous_48)
FN:353,(anonymous_49)
FN:363,(anonymous_50)
FN:367,(anonymous_51)
FN:374,(anonymous_52)
FN:382,(anonymous_53)
FN:384,(anonymous_54)
FN:394,(anonymous_55)
FN:396,(anonymous_56)
FN:402,(anonymous_57)
FN:405,(anonymous_58)
FN:406,(anonymous_59)
FN:407,(anonymous_60)
FN:430,(anonymous_61)
FN:457,(anonymous_62)
FN:481,(anonymous_63)
FN:489,(anonymous_64)
FN:491,(anonymous_65)
FN:498,(anonymous_66)
FN:512,(anonymous_67)
FN:513,(anonymous_68)
FN:528,(anonymous_69)
FN:531,(anonymous_70)
FN:533,(anonymous_71)
FN:541,(anonymous_72)
FN:543,(anonymous_73)
FN:551,(anonymous_74)
FN:575,(anonymous_75)
FN:602,(anonymous_76)
FN:626,(anonymous_77)
FN:634,(anonymous_78)
FN:635,(anonymous_79)
FN:642,(anonymous_80)
FN:656,(anonymous_81)
FN:666,(anonymous_82)
FN:668,(anonymous_83)
FN:673,(anonymous_84)
FN:681,(anonymous_85)
FN:691,(anonymous_86)
FN:703,(anonymous_87)
FN:705,(anonymous_88)
FN:713,(anonymous_89)
FN:718,(anonymous_90)
FN:727,(anonymous_91)
FNF:92
FNH:0
FNDA:0,(anonymous_0)
FNDA:0,(anonymous_1)
FNDA:0,(anonymous_2)
FNDA:0,(anonymous_3)
FNDA:0,(anonymous_4)
FNDA:0,(anonymous_5)
FNDA:0,(anonymous_6)
FNDA:0,(anonymous_7)
FNDA:0,(anonymous_8)
FNDA:0,(anonymous_9)
FNDA:0,(anonymous_10)
FNDA:0,(anonymous_11)
FNDA:0,(anonymous_12)
FNDA:0,(anonymous_13)
FNDA:0,(anonymous_14)
FNDA:0,(anonymous_15)
FNDA:0,(anonymous_16)
FNDA:0,(anonymous_17)
FNDA:0,(anonymous_18)
FNDA:0,(anonymous_19)
FNDA:0,(anonymous_20)
FNDA:0,(anonymous_21)
FNDA:0,(anonymous_22)
FNDA:0,(anonymous_23)
FNDA:0,(anonymous_24)
FNDA:0,(anonymous_25)
FNDA:0,(anonymous_26)
FNDA:0,(anonymous_27)
FNDA:0,(anonymous_28)
FNDA:0,(anonymous_29)
FNDA:0,(anonymous_30)
FNDA:0,(anonymous_31)
FNDA:0,(anonymous_32)
FNDA:0,(anonymous_33)
FNDA:0,(anonymous_34)
FNDA:0,(anonymous_35)
FNDA:0,(anonymous_36)
FNDA:0,(anonymous_37)
FNDA:0,(anonymous_38)
FNDA:0,(anonymous_39)
FNDA:0,(anonymous_40)
FNDA:0,(anonymous_41)
FNDA:0,(anonymous_42)
FNDA:0,(anonymous_43)
FNDA:0,(anonymous_44)
FNDA:0,(anonymous_45)
FNDA:0,(anonymous_46)
FNDA:0,(anonymous_47)
FNDA:0,(anonymous_48)
FNDA:0,(anonymous_49)
FNDA:0,(anonymous_50)
FNDA:0,(anonymous_51)
FNDA:0,(anonymous_52)
FNDA:0,(anonymous_53)
FNDA:0,(anonymous_54)
FNDA:0,(anonymous_55)
FNDA:0,(anonymous_56)
FNDA:0,(anonymous_57)
FNDA:0,(anonymous_58)
FNDA:0,(anonymous_59)
FNDA:0,(anonymous_60)
FNDA:0,(anonymous_61)
FNDA:0,(anonymous_62)
FNDA:0,(anonymous_63)
FNDA:0,(anonymous_64)
FNDA:0,(anonymous_65)
FNDA:0,(anonymous_66)
FNDA:0,(anonymous_67)
FNDA:0,(anonymous_68)
FNDA:0,(anonymous_69)
FNDA:0,(anonymous_70)
FNDA:0,(anonymous_71)
FNDA:0,(anonymous_72)
FNDA:0,(anonymous_73)
FNDA:0,(anonymous_74)
FNDA:0,(anonymous_75)
FNDA:0,(anonymous_76)
FNDA:0,(anonymous_77)
FNDA:0,(anonymous_78)
FNDA:0,(anonymous_79)
FNDA:0,(anonymous_80)
FNDA:0,(anonymous_81)
FNDA:0,(anonymous_82)
FNDA:0,(anonymous_83)
FNDA:0,(anonymous_84)
FNDA:0,(anonymous_85)
FNDA:0,(anonymous_86)
FNDA:0,(anonymous_87)
FNDA:0,(anonymous_88)
FNDA:0,(anonymous_89)
FNDA:0,(anonymous_90)
FNDA:0,(anonymous_91)
DA:10,0
DA:11,0
DA:12,0
DA:13,0
DA:15,0
DA:16,0
DA:19,0
DA:26,0
DA:28,0
DA:29,0
DA:31,0
DA:34,0
DA:39,0
DA:45,0
DA:59,0
DA:60,0
DA:61,0
DA:63,0
DA:64,0
DA:67,0
DA:68,0
DA:70,0
DA:71,0
DA:74,0
DA:75,0
DA:78,0
DA:79,0
DA:80,0
DA:82,0
DA:83,0
DA:84,0
DA:85,0
DA:86,0
DA:88,0
DA:91,0
DA:92,0
DA:95,0
DA:97,0
DA:98,0
DA:100,0
DA:103,0
DA:104,0
DA:105,0
DA:106,0
DA:109,0
DA:110,0
DA:115,0
DA:116,0
DA:117,0
DA:118,0
DA:120,0
DA:123,0
DA:124,0
DA:139,0
DA:140,0
DA:143,0
DA:144,0
DA:149,0
DA:154,0
DA:155,0
DA:158,0
DA:159,0
DA:160,0
DA:163,0
DA:166,0
DA:186,0
DA:197,0
DA:226,0
DA:236,0
DA:240,0
DA:251,0
DA:274,0
DA:282,0
DA:283,0
DA:290,0
DA:304,0
DA:305,0
DA:330,0
DA:336,0
DA:337,0
DA:338,0
DA:339,0
DA:340,0
DA:342,0
DA:343,0
DA:344,0
DA:347,0
DA:348,0
DA:351,0
DA:352,0
DA:353,0
DA:354,0
DA:356,0
DA:357,0
DA:358,0
DA:359,0
DA:360,0
DA:362,0
DA:363,0
DA:364,0
DA:367,0
DA:368,0
DA:373,0
DA:374,0
DA:376,0
DA:377,0
DA:379,0
DA:382,0
DA:383,0
DA:384,0
DA:385,0
DA:387,0
DA:388,0
DA:391,0
DA:394,0
DA:395,0
DA:396,0
DA:398,0
DA:399,0
DA:402,0
DA:403,0
DA:405,0
DA:406,0
DA:407,0
DA:430,0
DA:457,0
DA:481,0
DA:489,0
DA:491,0
DA:498,0
DA:512,0
DA:513,0
DA:528,0
DA:529,0
DA:531,0
DA:532,0
DA:533,0
DA:535,0
DA:536,0
DA:538,0
DA:541,0
DA:542,0
DA:543,0
DA:545,0
DA:546,0
DA:548,0
DA:551,0
DA:552,0
DA:575,0
DA:602,0
DA:626,0
DA:634,0
DA:635,0
DA:642,0
DA:656,0
DA:666,0
DA:668,0
DA:669,0
DA:670,0
DA:673,0
DA:674,0
DA:675,0
DA:677,0
DA:678,0
DA:681,0
DA:682,0
DA:683,0
DA:685,0
DA:689,0
DA:692,0
DA:703,0
DA:705,0
DA:713,0
DA:718,0
DA:727,0
DA:731,0
DA:735,0
LF:177
LH:0
BRDA:28,0,0,0
BRDA:28,0,1,0
BRDA:31,1,0,0
BRDA:31,1,1,0
BRDA:64,2,0,0
BRDA:64,2,1,0
BRDA:95,3,0,0
BRDA:95,3,1,0
BRDA:166,4,0,0
BRDA:166,4,1,0
BRDA:215,5,0,0
BRDA:215,5,1,0
BRDA:243,6,0,0
BRDA:243,6,1,0
BRDA:274,7,0,0
BRDA:274,7,1,0
BRDA:287,8,0,0
BRDA:287,8,1,0
BRDA:290,9,0,0
BRDA:290,9,1,0
BRDA:290,10,0,0
BRDA:290,10,1,0
BRDA:290,11,0,0
BRDA:290,11,1,0
BRDA:313,12,0,0
BRDA:313,12,1,0
BRDA:314,13,0,0
BRDA:314,13,1,0
BRDA:377,14,0,0
BRDA:377,14,1,0
BRDA:387,15,0,0
BRDA:387,15,1,0
BRDA:443,16,0,0
BRDA:443,16,1,0
BRDA:466,17,0,0
BRDA:466,17,1,0
BRDA:472,18,0,0
BRDA:472,18,1,0
BRDA:472,19,0,0
BRDA:472,19,1,0
BRDA:481,20,0,0
BRDA:481,20,1,0
BRDA:488,21,0,0
BRDA:488,21,1,0
BRDA:495,22,0,0
BRDA:495,22,1,0
BRDA:498,23,0,0
BRDA:498,23,1,0
BRDA:498,24,0,0
BRDA:498,24,1,0
BRDA:498,25,0,0
BRDA:498,25,1,0
BRDA:518,26,0,0
BRDA:518,26,1,0
BRDA:518,27,0,0
BRDA:518,27,1,0
BRDA:588,28,0,0
BRDA:588,28,1,0
BRDA:611,29,0,0
BRDA:611,29,1,0
BRDA:617,30,0,0
BRDA:617,30,1,0
BRDA:617,31,0,0
BRDA:617,31,1,0
BRDA:626,32,0,0
BRDA:626,32,1,0
BRDA:633,33,0,0
BRDA:633,33,1,0
BRDA:639,34,0,0
BRDA:639,34,1,0
BRDA:642,35,0,0
BRDA:642,35,1,0
BRDA:642,36,0,0
BRDA:642,36,1,0
BRDA:642,37,0,0
BRDA:642,37,1,0
BRDA:682,38,0,0
BRDA:682,38,1,0
BRDA:689,39,0,0
BRDA:689,39,1,0
BRDA:689,40,0,0
BRDA:689,40,1,0
BRDA:702,41,0,0
BRDA:702,41,1,0
BRDA:705,42,0,0
BRDA:705,42,1,0
BRDA:712,43,0,0
BRDA:712,43,1,0
BRDA:713,44,0,0
BRDA:713,44,1,0
BRDA:713,45,0,0
BRDA:713,45,1,0
BRDA:726,46,0,0
BRDA:726,46,1,0
BRF:94
BRH:0
end_of_record
TN:
SF:src\pages\configpages\HtmlRender.js
FN:10,(anonymous_0)
FN:12,(anonymous_1)
FN:30,(anonymous_2)
FNF:3
FNH:0
FNDA:0,(anonymous_0)
FNDA:0,(anonymous_1)
FNDA:0,(anonymous_2)
DA:7,0
DA:8,0
DA:10,0
DA:12,0
DA:13,0
DA:15,0
DA:17,0
DA:19,0
DA:23,0
DA:30,0
LF:10
LH:0
BRDA:13,0,0,0
BRDA:13,0,1,0
BRDA:13,0,2,0
BRF:3
BRH:0
end_of_record
TN:
SF:src\pages\configpages\BrainSpark\BrainSpark.js
FN:22,(anonymous_0)
FN:44,(anonymous_1)
FN:49,postMsg
FN:54,(anonymous_3)
FN:59,(anonymous_4)
FN:66,(anonymous_5)
FN:73,(anonymous_6)
FN:91,(anonymous_7)
FN:98,(anonymous_8)
FN:99,(anonymous_9)
FN:121,(anonymous_10)
FN:125,(anonymous_11)
FN:129,(anonymous_12)
FN:133,(anonymous_13)
FN:135,(anonymous_14)
FN:146,(anonymous_15)
FN:151,(anonymous_16)
FN:161,(anonymous_17)
FN:166,(anonymous_18)
FN:188,(anonymous_19)
FN:205,(anonymous_20)
FN:212,(anonymous_21)
FN:215,(anonymous_22)
FN:228,(anonymous_23)
FN:280,(anonymous_24)
FN:290,(anonymous_25)
FN:385,(anonymous_26)
FN:390,(anonymous_27)
FN:391,(anonymous_28)
FN:424,(anonymous_29)
FNF:30
FNH:0
FNDA:0,(anonymous_0)
FNDA:0,(anonymous_1)
FNDA:0,postMsg
FNDA:0,(anonymous_3)
FNDA:0,(anonymous_4)
FNDA:0,(anonymous_5)
FNDA:0,(anonymous_6)
FNDA:0,(anonymous_7)
FNDA:0,(anonymous_8)
FNDA:0,(anonymous_9)
FNDA:0,(anonymous_10)
FNDA:0,(anonymous_11)
FNDA:0,(anonymous_12)
FNDA:0,(anonymous_13)
FNDA:0,(anonymous_14)
FNDA:0,(anonymous_15)
FNDA:0,(anonymous_16)
FNDA:0,(anonymous_17)
FNDA:0,(anonymous_18)
FNDA:0,(anonymous_19)
FNDA:0,(anonymous_20)
FNDA:0,(anonymous_21)
FNDA:0,(anonymous_22)
FNDA:0,(anonymous_23)
FNDA:0,(anonymous_24)
FNDA:0,(anonymous_25)
FNDA:0,(anonymous_26)
FNDA:0,(anonymous_27)
FNDA:0,(anonymous_28)
FNDA:0,(anonymous_29)
DA:22,0
DA:23,0
DA:24,0
DA:25,0
DA:26,0
DA:28,0
DA:29,0
DA:30,0
DA:31,0
DA:32,0
DA:33,0
DA:34,0
DA:44,0
DA:45,0
DA:46,0
DA:50,0
DA:55,0
DA:60,0
DA:61,0
DA:62,0
DA:66,0
DA:67,0
DA:68,0
DA:73,0
DA:75,0
DA:77,0
DA:78,0
DA:79,0
DA:83,0
DA:84,0
DA:85,0
DA:90,0
DA:91,0
DA:92,0
DA:94,0
DA:98,0
DA:99,0
DA:100,0
DA:101,0
DA:102,0
DA:103,0
DA:104,0
DA:106,0
DA:107,0
DA:110,0
DA:111,0
DA:113,0
DA:114,0
DA:116,0
DA:118,0
DA:121,0
DA:122,0
DA:125,0
DA:126,0
DA:129,0
DA:130,0
DA:133,0
DA:134,0
DA:135,0
DA:136,0
DA:138,0
DA:140,0
DA:141,0
DA:142,0
DA:146,0
DA:151,0
DA:152,0
DA:153,0
DA:155,0
DA:156,0
DA:157,0
DA:161,0
DA:162,0
DA:166,0
DA:167,0
DA:168,0
DA:169,0
DA:171,0
DA:172,0
DA:177,0
DA:178,0
DA:179,0
DA:182,0
DA:183,0
DA:187,0
DA:189,0
DA:190,0
DA:195,0
DA:199,0
DA:200,0
DA:205,0
DA:206,0
DA:208,0
DA:209,0
DA:213,0
DA:214,0
DA:215,0
DA:217,0
DA:218,0
DA:222,0
DA:223,0
DA:228,0
DA:229,0
DA:231,0
DA:232,0
DA:234,0
DA:239,0
DA:245,0
DA:280,0
DA:291,0
DA:385,0
DA:391,0
DA:392,0
DA:424,0
LF:114
LH:0
BRDA:22,0,0,0
BRDA:39,1,0,0
BRDA:39,1,1,0
BRDA:55,2,0,0
BRDA:55,2,1,0
BRDA:67,3,0,0
BRDA:67,3,1,0
BRDA:73,4,0,0
BRDA:77,5,0,0
BRDA:77,5,1,0
BRDA:102,6,0,0
BRDA:102,6,1,0
BRDA:106,7,0,0
BRDA:106,7,1,0
BRDA:110,8,0,0
BRDA:110,8,1,0
BRDA:113,9,0,0
BRDA:113,9,1,0
BRDA:138,10,0,0
BRDA:138,10,1,0
BRDA:152,11,0,0
BRDA:152,11,1,0
BRDA:152,12,0,0
BRDA:152,12,1,0
BRDA:155,13,0,0
BRDA:155,13,1,0
BRDA:155,14,0,0
BRDA:155,14,1,0
BRDA:171,15,0,0
BRDA:171,15,1,0
BRDA:171,16,0,0
BRDA:171,16,1,0
BRDA:189,17,0,0
BRDA:189,17,1,0
BRDA:217,18,0,0
BRDA:217,18,1,0
BRDA:258,19,0,0
BRDA:258,19,1,0
BRDA:294,20,0,0
BRDA:294,20,1,0
BRDA:297,21,0,0
BRDA:297,21,1,0
BRDA:306,22,0,0
BRDA:306,22,1,0
BRDA:312,23,0,0
BRDA:312,23,1,0
BRDA:325,24,0,0
BRDA:325,24,1,0
BRDA:338,25,0,0
BRDA:338,25,1,0
BRDA:352,26,0,0
BRDA:352,26,1,0
BRDA:352,26,2,0
BRDA:364,27,0,0
BRDA:364,27,1,0
BRDA:375,28,0,0
BRDA:375,28,1,0
BRDA:381,29,0,0
BRDA:381,29,1,0
BRDA:398,30,0,0
BRDA:398,30,1,0
BRDA:400,31,0,0
BRDA:400,31,1,0
BRDA:404,32,0,0
BRDA:404,32,1,0
BRDA:422,33,0,0
BRDA:422,33,1,0
BRDA:427,34,0,0
BRDA:427,34,1,0
BRF:69
BRH:0
end_of_record
TN:
SF:src\pages\configpages\BrainSpark\ShowButton.js
FN:3,(anonymous_0)
FN:8,(anonymous_1)
FN:9,(anonymous_2)
FNF:3
FNH:0
FNDA:0,(anonymous_0)
FNDA:0,(anonymous_1)
FNDA:0,(anonymous_2)
DA:3,0
DA:4,0
DA:9,0
LF:3
LH:0
BRDA:9,0,0,0
BRDA:9,0,1,0
BRF:2
BRH:0
end_of_record
TN:
SF:src\pages\configpages\BrainSpark\Typewriter.js
FN:3,(anonymous_0)
FN:7,(anonymous_1)
FN:9,(anonymous_2)
FN:10,(anonymous_3)
FN:11,(anonymous_4)
FN:14,(anonymous_5)
FN:21,(anonymous_6)
FNF:7
FNH:0
FNDA:0,(anonymous_0)
FNDA:0,(anonymous_1)
FNDA:0,(anonymous_2)
FNDA:0,(anonymous_3)
FNDA:0,(anonymous_4)
FNDA:0,(anonymous_5)
FNDA:0,(anonymous_6)
DA:3,0
DA:4,0
DA:5,0
DA:7,0
DA:8,0
DA:9,0
DA:10,0
DA:11,0
DA:14,0
DA:15,0
DA:16,0
DA:21,0
DA:22,0
DA:26,0
LF:14
LH:0
BRDA:8,0,0,0
BRDA:8,0,1,0
BRF:2
BRH:0
end_of_record
TN:
SF:src\pages\configpages\CohortOps\ConfirmDialog.js
FN:5,(anonymous_0)
FN:23,(anonymous_1)
FN:26,(anonymous_2)
FNF:3
FNH:0
FNDA:0,(anonymous_0)
FNDA:0,(anonymous_1)
FNDA:0,(anonymous_2)
DA:5,0
DA:13,0
DA:23,0
DA:26,0
DA:35,0
DA:40,0
LF:6
LH:0
BRF:0
BRH:0
end_of_record
TN:
SF:src\pages\configpages\CohortOps\KPICohort.utils.js
FN:16,(anonymous_0)
FN:34,(anonymous_1)
FN:93,(anonymous_2)
FN:98,(anonymous_3)
FN:108,(anonymous_4)
FN:116,(anonymous_5)
FN:203,(anonymous_6)
FN:209,(anonymous_7)
FN:259,(anonymous_8)
FN:261,(anonymous_9)
FN:262,(anonymous_10)
FN:262,(anonymous_11)
FN:266,(anonymous_12)
FN:285,(anonymous_13)
FN:286,(anonymous_14)
FN:289,(anonymous_15)
FN:290,(anonymous_16)
FN:292,(anonymous_17)
FN:293,(anonymous_18)
FNF:19
FNH:0
FNDA:0,(anonymous_0)
FNDA:0,(anonymous_1)
FNDA:0,(anonymous_2)
FNDA:0,(anonymous_3)
FNDA:0,(anonymous_4)
FNDA:0,(anonymous_5)
FNDA:0,(anonymous_6)
FNDA:0,(anonymous_7)
FNDA:0,(anonymous_8)
FNDA:0,(anonymous_9)
FNDA:0,(anonymous_10)
FNDA:0,(anonymous_11)
FNDA:0,(anonymous_12)
FNDA:0,(anonymous_13)
FNDA:0,(anonymous_14)
FNDA:0,(anonymous_15)
FNDA:0,(anonymous_16)
FNDA:0,(anonymous_17)
FNDA:0,(anonymous_18)
DA:4,0
DA:16,0
DA:17,0
DA:34,0
DA:35,0
DA:36,0
DA:49,0
DA:50,0
DA:63,0
DA:64,0
DA:77,0
DA:78,0
DA:93,0
DA:94,0
DA:95,0
DA:98,0
DA:104,0
DA:105,0
DA:108,0
DA:116,0
DA:117,0
DA:203,0
DA:209,0
DA:210,0
DA:259,0
DA:260,0
DA:261,0
DA:262,0
DA:264,0
DA:266,0
DA:267,0
DA:270,0
DA:271,0
DA:272,0
DA:273,0
DA:274,0
DA:275,0
DA:276,0
DA:277,0
DA:278,0
DA:279,0
DA:280,0
DA:285,0
DA:286,0
DA:289,0
DA:290,0
DA:292,0
DA:293,0
DA:294,0
DA:295,0
DA:296,0
DA:297,0
DA:299,0
DA:300,0
DA:302,0
DA:304,0
LF:56
LH:0
BRDA:35,0,0,0
BRDA:35,0,1,0
BRDA:49,1,0,0
BRDA:49,1,1,0
BRDA:63,2,0,0
BRDA:63,2,1,0
BRDA:77,3,0,0
BRDA:77,3,1,0
BRDA:94,4,0,0
BRDA:94,4,1,0
BRDA:104,5,0,0
BRDA:104,5,1,0
BRDA:128,6,0,0
BRDA:128,6,1,0
BRDA:152,7,0,0
BRDA:152,7,1,0
BRDA:159,8,0,0
BRDA:159,8,1,0
BRDA:227,9,0,0
BRDA:227,9,1,0
BRDA:233,10,0,0
BRDA:233,10,1,0
BRDA:240,11,0,0
BRDA:240,11,1,0
BRDA:250,12,0,0
BRDA:250,12,1,0
BRDA:271,13,0,0
BRDA:271,13,1,0
BRDA:273,14,0,0
BRDA:273,14,1,0
BRDA:285,15,0,0
BRDA:296,16,0,0
BRDA:296,16,1,0
BRDA:299,17,0,0
BRDA:299,17,1,0
BRF:35
BRH:0
end_of_record
TN:
SF:src\pages\configpages\CohortOps\KPICohortFullViewRequest.js
FN:17,(anonymous_0)
FN:44,(anonymous_1)
FN:48,(anonymous_2)
FN:54,(anonymous_3)
FN:56,(anonymous_4)
FN:62,(anonymous_5)
FN:65,(anonymous_6)
FN:71,(anonymous_7)
FN:76,(anonymous_8)
FN:79,(anonymous_9)
FN:85,(anonymous_10)
FN:96,(anonymous_11)
FN:101,(anonymous_12)
FN:102,(anonymous_13)
FN:127,(anonymous_14)
FN:135,(anonymous_15)
FN:141,(anonymous_16)
FN:159,(anonymous_17)
FN:165,(anonymous_18)
FN:171,(anonymous_19)
FN:173,(anonymous_20)
FN:176,(anonymous_21)
FN:177,(anonymous_22)
FN:182,(anonymous_23)
FN:184,(anonymous_24)
FN:187,(anonymous_25)
FN:188,(anonymous_26)
FN:193,(anonymous_27)
FN:197,(anonymous_28)
FN:223,(anonymous_29)
FN:231,(anonymous_30)
FN:237,(anonymous_31)
FN:312,(anonymous_32)
FN:331,(anonymous_33)
FN:336,(anonymous_34)
FN:356,(anonymous_35)
FN:378,(anonymous_36)
FN:384,(anonymous_37)
FN:408,(anonymous_38)
FN:431,(anonymous_39)
FN:437,(anonymous_40)
FN:453,(anonymous_41)
FN:462,(anonymous_42)
FN:502,(anonymous_43)
FN:507,(anonymous_44)
FNF:45
FNH:0
FNDA:0,(anonymous_0)
FNDA:0,(anonymous_1)
FNDA:0,(anonymous_2)
FNDA:0,(anonymous_3)
FNDA:0,(anonymous_4)
FNDA:0,(anonymous_5)
FNDA:0,(anonymous_6)
FNDA:0,(anonymous_7)
FNDA:0,(anonymous_8)
FNDA:0,(anonymous_9)
FNDA:0,(anonymous_10)
FNDA:0,(anonymous_11)
FNDA:0,(anonymous_12)
FNDA:0,(anonymous_13)
FNDA:0,(anonymous_14)
FNDA:0,(anonymous_15)
FNDA:0,(anonymous_16)
FNDA:0,(anonymous_17)
FNDA:0,(anonymous_18)
FNDA:0,(anonymous_19)
FNDA:0,(anonymous_20)
FNDA:0,(anonymous_21)
FNDA:0,(anonymous_22)
FNDA:0,(anonymous_23)
FNDA:0,(anonymous_24)
FNDA:0,(anonymous_25)
FNDA:0,(anonymous_26)
FNDA:0,(anonymous_27)
FNDA:0,(anonymous_28)
FNDA:0,(anonymous_29)
FNDA:0,(anonymous_30)
FNDA:0,(anonymous_31)
FNDA:0,(anonymous_32)
FNDA:0,(anonymous_33)
FNDA:0,(anonymous_34)
FNDA:0,(anonymous_35)
FNDA:0,(anonymous_36)
FNDA:0,(anonymous_37)
FNDA:0,(anonymous_38)
FNDA:0,(anonymous_39)
FNDA:0,(anonymous_40)
FNDA:0,(anonymous_41)
FNDA:0,(anonymous_42)
FNDA:0,(anonymous_43)
FNDA:0,(anonymous_44)
DA:13,0
DA:14,0
DA:15,0
DA:17,0
DA:23,0
DA:24,0
DA:25,0
DA:26,0
DA:27,0
DA:28,0
DA:29,0
DA:35,0
DA:44,0
DA:45,0
DA:48,0
DA:49,0
DA:55,0
DA:56,0
DA:61,0
DA:62,0
DA:64,0
DA:65,0
DA:66,0
DA:68,0
DA:72,0
DA:76,0
DA:77,0
DA:78,0
DA:79,0
DA:80,0
DA:85,0
DA:86,0
DA:87,0
DA:92,0
DA:96,0
DA:98,0
DA:99,0
DA:101,0
DA:103,0
DA:114,0
DA:127,0
DA:128,0
DA:135,0
DA:136,0
DA:137,0
DA:141,0
DA:142,0
DA:143,0
DA:145,0
DA:146,0
DA:148,0
DA:149,0
DA:156,0
DA:159,0
DA:160,0
DA:161,0
DA:162,0
DA:165,0
DA:166,0
DA:167,0
DA:168,0
DA:171,0
DA:172,0
DA:173,0
DA:175,0
DA:176,0
DA:177,0
DA:182,0
DA:183,0
DA:184,0
DA:186,0
DA:187,0
DA:188,0
DA:193,0
DA:194,0
DA:197,0
DA:198,0
DA:218,0
DA:219,0
DA:221,0
DA:224,0
DA:225,0
DA:226,0
DA:228,0
DA:232,0
DA:237,0
DA:239,0
DA:243,0
DA:312,0
DA:332,0
DA:337,0
DA:357,0
DA:379,0
DA:384,0
DA:409,0
DA:432,0
DA:437,0
DA:453,0
DA:462,0
DA:503,0
DA:508,0
DA:546,0
LF:102
LH:0
BRDA:55,0,0,0
BRDA:55,0,1,0
BRDA:77,1,0,0
BRDA:77,1,1,0
BRDA:77,2,0,0
BRDA:77,2,1,0
BRDA:77,2,2,0
BRDA:86,3,0,0
BRDA:86,3,1,0
BRDA:96,4,0,0
BRDA:98,5,0,0
BRDA:98,5,1,0
BRDA:109,6,0,0
BRDA:109,6,1,0
BRDA:109,7,0,0
BRDA:109,7,1,0
BRDA:136,8,0,0
BRDA:136,8,1,0
BRDA:142,9,0,0
BRDA:142,9,1,0
BRDA:142,10,0,0
BRDA:142,10,1,0
BRDA:145,11,0,0
BRDA:145,11,1,0
BRDA:145,12,0,0
BRDA:145,12,1,0
BRDA:148,13,0,0
BRDA:148,13,1,0
BRDA:148,14,0,0
BRDA:148,14,1,0
BRDA:172,15,0,0
BRDA:172,15,1,0
BRDA:183,16,0,0
BRDA:183,16,1,0
BRDA:194,17,0,0
BRDA:194,17,1,0
BRDA:208,18,0,0
BRDA:208,18,1,0
BRDA:218,19,0,0
BRDA:218,19,1,0
BRDA:224,20,0,0
BRDA:224,20,1,0
BRDA:228,21,0,0
BRDA:228,21,1,0
BRDA:232,22,0,0
BRDA:232,22,1,0
BRDA:239,23,0,0
BRDA:239,23,1,0
BRDA:373,24,0,0
BRDA:373,24,1,0
BRDA:381,25,0,0
BRDA:381,25,1,0
BRDA:426,26,0,0
BRDA:426,26,1,0
BRDA:434,27,0,0
BRDA:434,27,1,0
BRDA:457,28,0,0
BRDA:457,28,1,0
BRDA:467,29,0,0
BRDA:467,29,1,0
BRDA:527,30,0,0
BRDA:527,30,1,0
BRF:62
BRH:0
end_of_record
TN:
SF:src\pages\configpages\CohortOps\KPICohortSampleView.js
FN:16,(anonymous_0)
FN:36,(anonymous_1)
FN:44,(anonymous_2)
FN:61,(anonymous_3)
FN:66,(anonymous_4)
FN:70,(anonymous_5)
FN:77,(anonymous_6)
FN:78,(anonymous_7)
FN:83,(anonymous_8)
FN:90,(anonymous_9)
FN:94,(anonymous_10)
FN:110,(anonymous_11)
FN:114,(anonymous_12)
FN:119,(anonymous_13)
FNF:14
FNH:0
FNDA:0,(anonymous_0)
FNDA:0,(anonymous_1)
FNDA:0,(anonymous_2)
FNDA:0,(anonymous_3)
FNDA:0,(anonymous_4)
FNDA:0,(anonymous_5)
FNDA:0,(anonymous_6)
FNDA:0,(anonymous_7)
FNDA:0,(anonymous_8)
FNDA:0,(anonymous_9)
FNDA:0,(anonymous_10)
FNDA:0,(anonymous_11)
FNDA:0,(anonymous_12)
FNDA:0,(anonymous_13)
DA:11,0
DA:12,0
DA:13,0
DA:16,0
DA:23,0
DA:24,0
DA:25,0
DA:26,0
DA:27,0
DA:28,0
DA:29,0
DA:30,0
DA:31,0
DA:36,0
DA:37,0
DA:38,0
DA:42,0
DA:45,0
DA:46,0
DA:47,0
DA:48,0
DA:49,0
DA:50,0
DA:51,0
DA:52,0
DA:53,0
DA:54,0
DA:56,0
DA:57,0
DA:58,0
DA:62,0
DA:66,0
DA:67,0
DA:70,0
DA:71,0
DA:72,0
DA:73,0
DA:77,0
DA:78,0
DA:79,0
DA:83,0
DA:90,0
DA:91,0
DA:94,0
DA:95,0
DA:96,0
DA:97,0
DA:103,0
DA:110,0
DA:111,0
DA:114,0
DA:115,0
DA:116,0
DA:119,0
DA:120,0
DA:123,0
DA:125,0
DA:195,0
DA:206,0
LF:59
LH:0
BRDA:45,0,0,0
BRDA:45,0,1,0
BRDA:50,1,0,0
BRDA:50,1,1,0
BRDA:71,2,0,0
BRDA:71,2,1,0
BRDA:71,3,0,0
BRDA:71,3,1,0
BRDA:83,4,0,0
BRDA:83,4,1,0
BRDA:96,5,0,0
BRDA:96,5,1,0
BRDA:123,6,0,0
BRDA:123,6,1,0
BRDA:123,7,0,0
BRDA:123,7,1,0
BRDA:123,8,0,0
BRDA:123,8,1,0
BRDA:140,9,0,0
BRDA:140,9,1,0
BRDA:145,10,0,0
BRDA:145,10,1,0
BRDA:145,11,0,0
BRDA:145,11,1,0
BRDA:151,12,0,0
BRDA:151,12,1,0
BRDA:151,12,2,0
BRDA:160,13,0,0
BRDA:160,13,1,0
BRDA:162,14,0,0
BRDA:162,14,1,0
BRDA:162,14,2,0
BRDA:175,15,0,0
BRDA:175,15,1,0
BRDA:177,16,0,0
BRDA:177,16,1,0
BRDA:178,17,0,0
BRDA:178,17,1,0
BRDA:185,18,0,0
BRDA:185,18,1,0
BRF:40
BRH:0
end_of_record
TN:
SF:src\pages\configpages\CohortOps\ManageAccountRequests.js
FN:15,(anonymous_0)
FN:84,(anonymous_1)
FN:86,(anonymous_2)
FN:87,(anonymous_3)
FN:96,(anonymous_4)
FN:110,(anonymous_5)
FN:143,(anonymous_6)
FN:150,(anonymous_7)
FN:156,(anonymous_8)
FN:166,(anonymous_9)
FN:170,(anonymous_10)
FN:171,(anonymous_11)
FN:189,(anonymous_12)
FN:190,(anonymous_13)
FN:209,(anonymous_14)
FN:213,(anonymous_15)
FN:223,(anonymous_16)
FN:227,(anonymous_17)
FN:235,(anonymous_18)
FN:247,(anonymous_19)
FN:251,(anonymous_20)
FN:268,(anonymous_21)
FN:275,(anonymous_22)
FN:292,(anonymous_23)
FN:294,(anonymous_24)
FN:296,(anonymous_25)
FN:300,(anonymous_26)
FN:303,(anonymous_27)
FN:320,(anonymous_28)
FN:330,(anonymous_29)
FN:340,(anonymous_30)
FN:350,(anonymous_31)
FN:354,(anonymous_32)
FN:359,(anonymous_33)
FN:445,(anonymous_34)
FN:461,(anonymous_35)
FN:464,(anonymous_36)
FN:514,(anonymous_37)
FN:523,(anonymous_38)
FN:566,(anonymous_39)
FNF:40
FNH:0
FNDA:0,(anonymous_0)
FNDA:0,(anonymous_1)
FNDA:0,(anonymous_2)
FNDA:0,(anonymous_3)
FNDA:0,(anonymous_4)
FNDA:0,(anonymous_5)
FNDA:0,(anonymous_6)
FNDA:0,(anonymous_7)
FNDA:0,(anonymous_8)
FNDA:0,(anonymous_9)
FNDA:0,(anonymous_10)
FNDA:0,(anonymous_11)
FNDA:0,(anonymous_12)
FNDA:0,(anonymous_13)
FNDA:0,(anonymous_14)
FNDA:0,(anonymous_15)
FNDA:0,(anonymous_16)
FNDA:0,(anonymous_17)
FNDA:0,(anonymous_18)
FNDA:0,(anonymous_19)
FNDA:0,(anonymous_20)
FNDA:0,(anonymous_21)
FNDA:0,(anonymous_22)
FNDA:0,(anonymous_23)
FNDA:0,(anonymous_24)
FNDA:0,(anonymous_25)
FNDA:0,(anonymous_26)
FNDA:0,(anonymous_27)
FNDA:0,(anonymous_28)
FNDA:0,(anonymous_29)
FNDA:0,(anonymous_30)
FNDA:0,(anonymous_31)
FNDA:0,(anonymous_32)
FNDA:0,(anonymous_33)
FNDA:0,(anonymous_34)
FNDA:0,(anonymous_35)
FNDA:0,(anonymous_36)
FNDA:0,(anonymous_37)
FNDA:0,(anonymous_38)
FNDA:0,(anonymous_39)
DA:15,0
DA:16,0
DA:17,0
DA:18,0
DA:19,0
DA:20,0
DA:21,0
DA:22,0
DA:23,0
DA:37,0
DA:38,0
DA:45,0
DA:77,0
DA:82,0
DA:84,0
DA:85,0
DA:86,0
DA:87,0
DA:88,0
DA:96,0
DA:102,0
DA:103,0
DA:111,0
DA:112,0
DA:113,0
DA:114,0
DA:121,0
DA:122,0
DA:123,0
DA:124,0
DA:125,0
DA:131,0
DA:133,0
DA:134,0
DA:140,0
DA:144,0
DA:145,0
DA:150,0
DA:151,0
DA:152,0
DA:153,0
DA:156,0
DA:157,0
DA:158,0
DA:163,0
DA:166,0
DA:167,0
DA:170,0
DA:171,0
DA:172,0
DA:173,0
DA:175,0
DA:177,0
DA:179,0
DA:180,0
DA:185,0
DA:186,0
DA:189,0
DA:190,0
DA:191,0
DA:192,0
DA:193,0
DA:195,0
DA:197,0
DA:198,0
DA:203,0
DA:204,0
DA:208,0
DA:210,0
DA:213,0
DA:222,0
DA:224,0
DA:227,0
DA:235,0
DA:236,0
DA:237,0
DA:244,0
DA:247,0
DA:248,0
DA:252,0
DA:253,0
DA:254,0
DA:260,0
DA:266,0
DA:269,0
DA:270,0
DA:275,0
DA:276,0
DA:277,0
DA:278,0
DA:280,0
DA:285,0
DA:288,0
DA:292,0
DA:294,0
DA:296,0
DA:297,0
DA:300,0
DA:301,0
DA:303,0
DA:304,0
DA:320,0
DA:330,0
DA:340,0
DA:350,0
DA:352,0
DA:354,0
DA:357,0
DA:359,0
DA:393,0
DA:445,0
DA:461,0
DA:465,0
DA:515,0
DA:523,0
DA:567,0
LF:116
LH:0
BRDA:84,0,0,0
BRDA:84,1,0,0
BRDA:91,2,0,0
BRDA:91,2,1,0
BRDA:92,3,0,0
BRDA:92,3,1,0
BRDA:94,4,0,0
BRDA:94,4,1,0
BRDA:111,5,0,0
BRDA:111,5,1,0
BRDA:112,6,0,0
BRDA:112,6,1,0
BRDA:113,7,0,0
BRDA:113,7,1,0
BRDA:117,8,0,0
BRDA:117,8,1,0
BRDA:118,9,0,0
BRDA:118,9,1,0
BRDA:119,10,0,0
BRDA:119,10,1,0
BRDA:122,11,0,0
BRDA:122,11,1,0
BRDA:172,12,0,0
BRDA:172,12,1,0
BRDA:191,13,0,0
BRDA:191,13,1,0
BRDA:212,14,0,0
BRDA:212,14,1,0
BRDA:226,15,0,0
BRDA:226,15,1,0
BRDA:240,16,0,0
BRDA:240,16,1,0
BRDA:252,17,0,0
BRDA:252,17,1,0
BRDA:263,18,0,0
BRDA:263,18,1,0
BRDA:276,19,0,0
BRDA:276,19,1,0
BRDA:277,20,0,0
BRDA:277,20,1,0
BRDA:301,21,0,0
BRDA:301,21,1,0
BRDA:316,22,0,0
BRDA:316,22,1,0
BRDA:326,23,0,0
BRDA:326,23,1,0
BRDA:336,24,0,0
BRDA:336,24,1,0
BRDA:352,25,0,0
BRDA:352,25,1,0
BRDA:357,26,0,0
BRDA:357,26,1,0
BRDA:361,27,0,0
BRDA:361,27,1,0
BRDA:369,28,0,0
BRDA:369,28,1,0
BRDA:376,29,0,0
BRDA:376,29,1,0
BRDA:456,30,0,0
BRDA:456,30,1,0
BRDA:458,31,0,0
BRDA:458,31,1,0
BRDA:469,32,0,0
BRDA:469,32,1,0
BRDA:476,33,0,0
BRDA:476,33,1,0
BRDA:490,34,0,0
BRDA:490,34,1,0
BRDA:490,34,2,0
BRDA:497,35,0,0
BRDA:497,35,1,0
BRDA:499,36,0,0
BRDA:499,36,1,0
BRDA:499,37,0,0
BRDA:499,37,1,0
BRDA:499,37,2,0
BRDA:499,37,3,0
BRDA:504,38,0,0
BRDA:504,38,1,0
BRDA:533,39,0,0
BRDA:533,39,1,0
BRDA:533,39,2,0
BRDA:539,40,0,0
BRDA:539,40,1,0
BRDA:541,41,0,0
BRDA:541,41,1,0
BRDA:551,42,0,0
BRDA:551,42,1,0
BRDA:558,43,0,0
BRDA:558,43,1,0
BRDA:560,44,0,0
BRDA:560,44,1,0
BRDA:589,45,0,0
BRDA:589,45,1,0
BRDA:592,46,0,0
BRDA:592,46,1,0
BRF:96
BRH:0
end_of_record
TN:
SF:src\pages\configpages\CohortOps\ManageAdminRequests.js
FN:22,(anonymous_0)
FN:95,(anonymous_1)
FN:97,(anonymous_2)
FN:98,(anonymous_3)
FN:107,(anonymous_4)
FN:117,(anonymous_5)
FN:149,(anonymous_6)
FN:156,(anonymous_7)
FN:160,(anonymous_8)
FN:177,(anonymous_9)
FN:184,(anonymous_10)
FN:194,(anonymous_11)
FN:196,(anonymous_12)
FN:201,(anonymous_13)
FN:207,(anonymous_14)
FN:212,(anonymous_15)
FN:213,(anonymous_16)
FN:231,(anonymous_17)
FN:232,(anonymous_18)
FN:251,(anonymous_19)
FN:255,(anonymous_20)
FN:265,(anonymous_21)
FN:269,(anonymous_22)
FN:277,(anonymous_23)
FN:283,(anonymous_24)
FN:286,(anonymous_25)
FN:298,(anonymous_26)
FN:300,(anonymous_27)
FN:302,(anonymous_28)
FN:323,(anonymous_29)
FN:333,(anonymous_30)
FN:343,(anonymous_31)
FN:344,(anonymous_32)
FN:406,(anonymous_33)
FN:422,(anonymous_34)
FN:425,(anonymous_35)
FN:457,(anonymous_36)
FN:470,(anonymous_37)
FN:524,(anonymous_38)
FN:564,(anonymous_39)
FN:640,(anonymous_40)
FN:660,(anonymous_41)
FNF:42
FNH:0
FNDA:0,(anonymous_0)
FNDA:0,(anonymous_1)
FNDA:0,(anonymous_2)
FNDA:0,(anonymous_3)
FNDA:0,(anonymous_4)
FNDA:0,(anonymous_5)
FNDA:0,(anonymous_6)
FNDA:0,(anonymous_7)
FNDA:0,(anonymous_8)
FNDA:0,(anonymous_9)
FNDA:0,(anonymous_10)
FNDA:0,(anonymous_11)
FNDA:0,(anonymous_12)
FNDA:0,(anonymous_13)
FNDA:0,(anonymous_14)
FNDA:0,(anonymous_15)
FNDA:0,(anonymous_16)
FNDA:0,(anonymous_17)
FNDA:0,(anonymous_18)
FNDA:0,(anonymous_19)
FNDA:0,(anonymous_20)
FNDA:0,(anonymous_21)
FNDA:0,(anonymous_22)
FNDA:0,(anonymous_23)
FNDA:0,(anonymous_24)
FNDA:0,(anonymous_25)
FNDA:0,(anonymous_26)
FNDA:0,(anonymous_27)
FNDA:0,(anonymous_28)
FNDA:0,(anonymous_29)
FNDA:0,(anonymous_30)
FNDA:0,(anonymous_31)
FNDA:0,(anonymous_32)
FNDA:0,(anonymous_33)
FNDA:0,(anonymous_34)
FNDA:0,(anonymous_35)
FNDA:0,(anonymous_36)
FNDA:0,(anonymous_37)
FNDA:0,(anonymous_38)
FNDA:0,(anonymous_39)
FNDA:0,(anonymous_40)
FNDA:0,(anonymous_41)
DA:22,0
DA:23,0
DA:24,0
DA:25,0
DA:26,0
DA:27,0
DA:28,0
DA:29,0
DA:30,0
DA:34,0
DA:54,0
DA:55,0
DA:62,0
DA:88,0
DA:93,0
DA:95,0
DA:96,0
DA:97,0
DA:98,0
DA:99,0
DA:107,0
DA:113,0
DA:114,0
DA:118,0
DA:119,0
DA:120,0
DA:127,0
DA:128,0
DA:129,0
DA:130,0
DA:131,0
DA:137,0
DA:139,0
DA:140,0
DA:146,0
DA:150,0
DA:151,0
DA:156,0
DA:157,0
DA:161,0
DA:162,0
DA:163,0
DA:169,0
DA:175,0
DA:178,0
DA:179,0
DA:184,0
DA:185,0
DA:186,0
DA:191,0
DA:194,0
DA:195,0
DA:197,0
DA:198,0
DA:202,0
DA:207,0
DA:208,0
DA:209,0
DA:212,0
DA:213,0
DA:214,0
DA:215,0
DA:217,0
DA:219,0
DA:221,0
DA:222,0
DA:227,0
DA:228,0
DA:231,0
DA:232,0
DA:233,0
DA:234,0
DA:235,0
DA:237,0
DA:239,0
DA:240,0
DA:245,0
DA:246,0
DA:250,0
DA:252,0
DA:255,0
DA:264,0
DA:266,0
DA:269,0
DA:277,0
DA:278,0
DA:279,0
DA:280,0
DA:283,0
DA:284,0
DA:286,0
DA:287,0
DA:288,0
DA:295,0
DA:298,0
DA:300,0
DA:302,0
DA:303,0
DA:323,0
DA:333,0
DA:343,0
DA:344,0
DA:346,0
DA:406,0
DA:422,0
DA:426,0
DA:458,0
DA:470,0
DA:525,0
DA:565,0
DA:640,0
DA:661,0
LF:112
LH:0
BRDA:95,0,0,0
BRDA:95,1,0,0
BRDA:102,2,0,0
BRDA:102,2,1,0
BRDA:103,3,0,0
BRDA:103,3,1,0
BRDA:105,4,0,0
BRDA:105,4,1,0
BRDA:118,5,0,0
BRDA:118,5,1,0
BRDA:119,6,0,0
BRDA:119,6,1,0
BRDA:123,7,0,0
BRDA:123,7,1,0
BRDA:124,8,0,0
BRDA:124,8,1,0
BRDA:125,9,0,0
BRDA:125,9,1,0
BRDA:128,10,0,0
BRDA:128,10,1,0
BRDA:161,11,0,0
BRDA:161,11,1,0
BRDA:172,12,0,0
BRDA:172,12,1,0
BRDA:197,13,0,0
BRDA:197,13,1,0
BRDA:214,14,0,0
BRDA:214,14,1,0
BRDA:233,15,0,0
BRDA:233,15,1,0
BRDA:254,16,0,0
BRDA:254,16,1,0
BRDA:268,17,0,0
BRDA:268,17,1,0
BRDA:284,18,0,0
BRDA:284,18,1,0
BRDA:291,19,0,0
BRDA:291,19,1,0
BRDA:319,20,0,0
BRDA:319,20,1,0
BRDA:329,21,0,0
BRDA:329,21,1,0
BRDA:417,22,0,0
BRDA:417,22,1,0
BRDA:419,23,0,0
BRDA:419,23,1,0
BRDA:430,24,0,0
BRDA:430,24,1,0
BRDA:437,25,0,0
BRDA:437,25,1,0
BRDA:439,26,0,0
BRDA:439,26,1,0
BRDA:439,26,2,0
BRDA:446,27,0,0
BRDA:446,27,1,0
BRDA:448,28,0,0
BRDA:448,28,1,0
BRDA:448,29,0,0
BRDA:448,29,1,0
BRDA:448,29,2,0
BRDA:481,30,0,0
BRDA:481,30,1,0
BRDA:486,31,0,0
BRDA:486,31,1,0
BRDA:486,31,2,0
BRDA:486,31,3,0
BRDA:491,32,0,0
BRDA:491,32,1,0
BRDA:495,33,0,0
BRDA:495,33,1,0
BRDA:497,34,0,0
BRDA:497,34,1,0
BRDA:509,35,0,0
BRDA:509,35,1,0
BRDA:516,36,0,0
BRDA:516,36,1,0
BRDA:518,37,0,0
BRDA:518,37,1,0
BRDA:539,38,0,0
BRDA:539,38,1,0
BRDA:543,39,0,0
BRDA:543,39,1,0
BRDA:553,40,0,0
BRDA:553,40,1,0
BRDA:554,41,0,0
BRDA:554,41,1,0
BRDA:562,42,0,0
BRDA:562,42,1,0
BRDA:588,43,0,0
BRDA:588,43,1,0
BRDA:591,44,0,0
BRDA:591,44,1,0
BRF:92
BRH:0
end_of_record
TN:
SF:src\pages\configpages\CohortOps\ManageRequests.js
FN:6,(anonymous_0)
FNF:1
FNH:0
FNDA:0,(anonymous_0)
DA:6,0
DA:7,0
DA:9,0
LF:3
LH:0
BRDA:11,0,0,0
BRDA:11,0,1,0
BRF:2
BRH:0
end_of_record
TN:
SF:src\pages\configpages\CohortOps\NoRowPreview.js
FN:5,(anonymous_0)
FN:29,(anonymous_1)
FNF:2
FNH:0
FNDA:0,(anonymous_0)
FNDA:0,(anonymous_1)
DA:5,0
DA:29,0
DA:30,0
LF:3
LH:0
BRDA:12,0,0,0
BRDA:12,0,1,0
BRDA:15,1,0,0
BRDA:15,1,1,0
BRDA:18,2,0,0
BRDA:18,2,1,0
BRDA:21,3,0,0
BRDA:21,3,1,0
BRDA:24,4,0,0
BRDA:24,4,1,0
BRDA:25,5,0,0
BRDA:25,5,1,0
BRF:12
BRH:0
end_of_record
TN:
SF:src\pages\configpages\CohortOps\TableGrid.js
FN:7,(anonymous_0)
FN:8,(anonymous_1)
FN:10,(anonymous_2)
FN:18,(anonymous_3)
FN:27,(anonymous_4)
FNF:5
FNH:0
FNDA:0,(anonymous_0)
FNDA:0,(anonymous_1)
FNDA:0,(anonymous_2)
FNDA:0,(anonymous_3)
FNDA:0,(anonymous_4)
DA:5,0
DA:7,0
DA:8,0
DA:10,0
DA:17,0
DA:18,0
DA:19,0
DA:23,0
DA:27,0
DA:42,0
DA:49,0
LF:11
LH:0
BRDA:15,0,0,0
BRDA:34,1,0,0
BRDA:34,1,1,0
BRDA:36,2,0,0
BRDA:36,2,1,0
BRF:5
BRH:0
end_of_record
TN:
SF:src\pages\configpages\ControlCenter\BrainSparkModal.js
FN:10,(anonymous_0)
FN:14,(anonymous_1)
FN:18,(anonymous_2)
FN:47,(anonymous_3)
FNF:4
FNH:0
FNDA:0,(anonymous_0)
FNDA:0,(anonymous_1)
FNDA:0,(anonymous_2)
FNDA:0,(anonymous_3)
DA:10,0
DA:11,0
DA:12,0
DA:14,0
DA:15,0
DA:18,0
DA:19,0
DA:22,0
DA:47,0
LF:9
LH:0
BRF:0
BRH:0
end_of_record
TN:
SF:src\pages\configpages\ControlCenter\ControlCenterViewNew.js
FN:38,(anonymous_0)
FN:88,(anonymous_1)
FN:95,(anonymous_2)
FN:97,(anonymous_3)
FN:102,(anonymous_4)
FN:109,(anonymous_5)
FN:126,(anonymous_6)
FN:131,(anonymous_7)
FN:138,(anonymous_8)
FN:139,(anonymous_9)
FN:152,(anonymous_10)
FN:156,(anonymous_11)
FN:165,(anonymous_12)
FN:179,(anonymous_13)
FN:182,(anonymous_14)
FN:184,(anonymous_15)
FN:188,(anonymous_16)
FN:197,(anonymous_17)
FN:202,(anonymous_18)
FN:205,(anonymous_19)
FN:208,(anonymous_20)
FN:210,(anonymous_21)
FN:214,(anonymous_22)
FN:226,(anonymous_23)
FN:238,(anonymous_24)
FN:241,(anonymous_25)
FN:265,(anonymous_26)
FN:267,(anonymous_27)
FN:270,(anonymous_28)
FN:274,(anonymous_29)
FN:278,(anonymous_30)
FN:280,(anonymous_31)
FN:284,(anonymous_32)
FN:287,(anonymous_33)
FN:292,(anonymous_34)
FN:295,(anonymous_35)
FN:301,(anonymous_36)
FN:305,(anonymous_37)
FN:309,(anonymous_38)
FN:313,(anonymous_39)
FN:321,(anonymous_40)
FN:322,(anonymous_41)
FN:335,(anonymous_42)
FN:338,(anonymous_43)
FN:354,(anonymous_44)
FN:357,(anonymous_45)
FN:360,(anonymous_46)
FN:365,(anonymous_47)
FN:375,(anonymous_48)
FN:385,(anonymous_49)
FN:390,(anonymous_50)
FN:429,(anonymous_51)
FN:431,(anonymous_52)
FN:435,(anonymous_53)
FN:490,(anonymous_54)
FN:505,(anonymous_55)
FN:522,(anonymous_56)
FN:534,(anonymous_57)
FN:544,(anonymous_58)
FN:554,(anonymous_59)
FN:561,(anonymous_60)
FN:565,(anonymous_61)
FN:569,(anonymous_62)
FN:594,(anonymous_63)
FN:628,(anonymous_64)
FN:689,(anonymous_65)
FN:699,(anonymous_66)
FN:725,(anonymous_67)
FN:730,(anonymous_68)
FN:741,(anonymous_69)
FN:742,(anonymous_70)
FN:743,(anonymous_71)
FN:791,(anonymous_72)
FN:801,(anonymous_73)
FN:822,(anonymous_74)
FN:841,(anonymous_75)
FN:846,(anonymous_76)
FN:857,(anonymous_77)
FN:858,(anonymous_78)
FN:859,(anonymous_79)
FN:899,(anonymous_80)
FN:911,(anonymous_81)
FN:935,(anonymous_82)
FN:955,(anonymous_83)
FN:960,(anonymous_84)
FN:1059,(anonymous_85)
FN:1062,(anonymous_86)
FN:1148,(anonymous_87)
FN:1154,(anonymous_88)
FN:1169,(anonymous_89)
FN:1172,(anonymous_90)
FN:1266,(anonymous_91)
FN:1267,(anonymous_92)
FN:1272,(anonymous_93)
FNF:94
FNH:0
FNDA:0,(anonymous_0)
FNDA:0,(anonymous_1)
FNDA:0,(anonymous_2)
FNDA:0,(anonymous_3)
FNDA:0,(anonymous_4)
FNDA:0,(anonymous_5)
FNDA:0,(anonymous_6)
FNDA:0,(anonymous_7)
FNDA:0,(anonymous_8)
FNDA:0,(anonymous_9)
FNDA:0,(anonymous_10)
FNDA:0,(anonymous_11)
FNDA:0,(anonymous_12)
FNDA:0,(anonymous_13)
FNDA:0,(anonymous_14)
FNDA:0,(anonymous_15)
FNDA:0,(anonymous_16)
FNDA:0,(anonymous_17)
FNDA:0,(anonymous_18)
FNDA:0,(anonymous_19)
FNDA:0,(anonymous_20)
FNDA:0,(anonymous_21)
FNDA:0,(anonymous_22)
FNDA:0,(anonymous_23)
FNDA:0,(anonymous_24)
FNDA:0,(anonymous_25)
FNDA:0,(anonymous_26)
FNDA:0,(anonymous_27)
FNDA:0,(anonymous_28)
FNDA:0,(anonymous_29)
FNDA:0,(anonymous_30)
FNDA:0,(anonymous_31)
FNDA:0,(anonymous_32)
FNDA:0,(anonymous_33)
FNDA:0,(anonymous_34)
FNDA:0,(anonymous_35)
FNDA:0,(anonymous_36)
FNDA:0,(anonymous_37)
FNDA:0,(anonymous_38)
FNDA:0,(anonymous_39)
FNDA:0,(anonymous_40)
FNDA:0,(anonymous_41)
FNDA:0,(anonymous_42)
FNDA:0,(anonymous_43)
FNDA:0,(anonymous_44)
FNDA:0,(anonymous_45)
FNDA:0,(anonymous_46)
FNDA:0,(anonymous_47)
FNDA:0,(anonymous_48)
FNDA:0,(anonymous_49)
FNDA:0,(anonymous_50)
FNDA:0,(anonymous_51)
FNDA:0,(anonymous_52)
FNDA:0,(anonymous_53)
FNDA:0,(anonymous_54)
FNDA:0,(anonymous_55)
FNDA:0,(anonymous_56)
FNDA:0,(anonymous_57)
FNDA:0,(anonymous_58)
FNDA:0,(anonymous_59)
FNDA:0,(anonymous_60)
FNDA:0,(anonymous_61)
FNDA:0,(anonymous_62)
FNDA:0,(anonymous_63)
FNDA:0,(anonymous_64)
FNDA:0,(anonymous_65)
FNDA:0,(anonymous_66)
FNDA:0,(anonymous_67)
FNDA:0,(anonymous_68)
FNDA:0,(anonymous_69)
FNDA:0,(anonymous_70)
FNDA:0,(anonymous_71)
FNDA:0,(anonymous_72)
FNDA:0,(anonymous_73)
FNDA:0,(anonymous_74)
FNDA:0,(anonymous_75)
FNDA:0,(anonymous_76)
FNDA:0,(anonymous_77)
FNDA:0,(anonymous_78)
FNDA:0,(anonymous_79)
FNDA:0,(anonymous_80)
FNDA:0,(anonymous_81)
FNDA:0,(anonymous_82)
FNDA:0,(anonymous_83)
FNDA:0,(anonymous_84)
FNDA:0,(anonymous_85)
FNDA:0,(anonymous_86)
FNDA:0,(anonymous_87)
FNDA:0,(anonymous_88)
FNDA:0,(anonymous_89)
FNDA:0,(anonymous_90)
FNDA:0,(anonymous_91)
FNDA:0,(anonymous_92)
FNDA:0,(anonymous_93)
DA:38,0
DA:39,0
DA:40,0
DA:41,0
DA:42,0
DA:43,0
DA:44,0
DA:45,0
DA:47,0
DA:48,0
DA:49,0
DA:50,0
DA:51,0
DA:52,0
DA:53,0
DA:54,0
DA:68,0
DA:69,0
DA:70,0
DA:71,0
DA:72,0
DA:73,0
DA:74,0
DA:78,0
DA:79,0
DA:80,0
DA:81,0
DA:82,0
DA:83,0
DA:84,0
DA:85,0
DA:86,0
DA:88,0
DA:89,0
DA:90,0
DA:91,0
DA:92,0
DA:95,0
DA:96,0
DA:97,0
DA:99,0
DA:102,0
DA:103,0
DA:104,0
DA:105,0
DA:109,0
DA:110,0
DA:112,0
DA:113,0
DA:115,0
DA:118,0
DA:119,0
DA:121,0
DA:126,0
DA:127,0
DA:130,0
DA:131,0
DA:132,0
DA:135,0
DA:137,0
DA:138,0
DA:139,0
DA:140,0
DA:141,0
DA:151,0
DA:152,0
DA:153,0
DA:156,0
DA:157,0
DA:158,0
DA:163,0
DA:166,0
DA:167,0
DA:168,0
DA:169,0
DA:173,0
DA:177,0
DA:178,0
DA:179,0
DA:183,0
DA:184,0
DA:188,0
DA:189,0
DA:190,0
DA:195,0
DA:198,0
DA:199,0
DA:202,0
DA:204,0
DA:205,0
DA:209,0
DA:210,0
DA:214,0
DA:215,0
DA:216,0
DA:220,0
DA:221,0
DA:222,0
DA:223,0
DA:226,0
DA:227,0
DA:228,0
DA:229,0
DA:231,0
DA:234,0
DA:236,0
DA:237,0
DA:238,0
DA:241,0
DA:242,0
DA:243,0
DA:244,0
DA:246,0
DA:249,0
DA:251,0
DA:252,0
DA:253,0
DA:254,0
DA:255,0
DA:256,0
DA:258,0
DA:261,0
DA:265,0
DA:266,0
DA:268,0
DA:271,0
DA:272,0
DA:273,0
DA:274,0
DA:278,0
DA:279,0
DA:281,0
DA:282,0
DA:285,0
DA:286,0
DA:287,0
DA:288,0
DA:292,0
DA:293,0
DA:294,0
DA:296,0
DA:299,0
DA:302,0
DA:303,0
DA:304,0
DA:305,0
DA:309,0
DA:310,0
DA:314,0
DA:321,0
DA:322,0
DA:323,0
DA:326,0
DA:327,0
DA:328,0
DA:330,0
DA:331,0
DA:335,0
DA:336,0
DA:337,0
DA:339,0
DA:340,0
DA:341,0
DA:342,0
DA:343,0
DA:344,0
DA:345,0
DA:347,0
DA:350,0
DA:351,0
DA:353,0
DA:354,0
DA:358,0
DA:359,0
DA:360,0
DA:361,0
DA:365,0
DA:366,0
DA:375,0
DA:376,0
DA:385,0
DA:386,0
DA:391,0
DA:429,0
DA:430,0
DA:432,0
DA:435,0
DA:490,0
DA:505,0
DA:506,0
DA:523,0
DA:524,0
DA:534,0
DA:535,0
DA:544,0
DA:555,0
DA:561,0
DA:566,0
DA:570,0
DA:571,0
DA:594,0
DA:629,0
DA:630,0
DA:690,0
DA:700,0
DA:725,0
DA:730,0
DA:741,0
DA:742,0
DA:744,0
DA:792,0
DA:802,0
DA:822,0
DA:841,0
DA:846,0
DA:857,0
DA:858,0
DA:860,0
DA:900,0
DA:912,0
DA:936,0
DA:956,0
DA:961,0
DA:1060,0
DA:1063,0
DA:1148,0
DA:1155,0
DA:1170,0
DA:1173,0
DA:1266,0
DA:1267,0
DA:1268,0
DA:1269,0
DA:1272,0
DA:1273,0
DA:1277,0
LF:236
LH:0
BRDA:103,0,0,0
BRDA:103,0,1,0
BRDA:110,1,0,0
BRDA:110,1,1,0
BRDA:112,2,0,0
BRDA:112,2,1,0
BRDA:118,3,0,0
BRDA:118,3,1,0
BRDA:137,4,0,0
BRDA:137,4,1,0
BRDA:140,5,0,0
BRDA:140,5,1,0
BRDA:142,6,0,0
BRDA:142,6,1,0
BRDA:144,7,0,0
BRDA:144,7,1,0
BRDA:145,8,0,0
BRDA:145,8,1,0
BRDA:145,9,0,0
BRDA:145,9,1,0
BRDA:145,9,2,0
BRDA:147,10,0,0
BRDA:147,10,1,0
BRDA:147,11,0,0
BRDA:147,11,1,0
BRDA:166,12,0,0
BRDA:166,12,1,0
BRDA:198,13,0,0
BRDA:198,13,1,0
BRDA:200,14,0,0
BRDA:200,14,1,0
BRDA:227,15,0,0
BRDA:227,15,1,0
BRDA:228,16,0,0
BRDA:228,16,1,0
BRDA:242,17,0,0
BRDA:242,17,1,0
BRDA:243,18,0,0
BRDA:243,18,1,0
BRDA:251,19,0,0
BRDA:251,19,1,0
BRDA:252,20,0,0
BRDA:252,20,1,0
BRDA:252,21,0,0
BRDA:252,21,1,0
BRDA:256,22,0,0
BRDA:256,22,1,0
BRDA:326,23,0,0
BRDA:326,23,1,0
BRDA:339,24,0,0
BRDA:339,24,1,0
BRDA:340,25,0,0
BRDA:340,25,1,0
BRDA:342,26,0,0
BRDA:342,26,1,0
BRDA:344,27,0,0
BRDA:344,27,1,0
BRDA:345,28,0,0
BRDA:345,28,1,0
BRDA:389,29,0,0
BRDA:389,29,1,0
BRDA:389,30,0,0
BRDA:389,30,1,0
BRDA:438,31,0,0
BRDA:438,31,1,0
BRDA:446,32,0,0
BRDA:446,32,1,0
BRDA:447,33,0,0
BRDA:447,33,1,0
BRDA:454,34,0,0
BRDA:454,34,1,0
BRDA:455,35,0,0
BRDA:455,35,1,0
BRDA:458,36,0,0
BRDA:458,36,1,0
BRDA:461,37,0,0
BRDA:461,37,1,0
BRDA:462,38,0,0
BRDA:462,38,1,0
BRDA:469,39,0,0
BRDA:469,39,1,0
BRDA:470,40,0,0
BRDA:470,40,1,0
BRDA:475,41,0,0
BRDA:475,41,1,0
BRDA:476,42,0,0
BRDA:476,42,1,0
BRDA:477,43,0,0
BRDA:477,43,1,0
BRDA:478,44,0,0
BRDA:478,44,1,0
BRDA:507,45,0,0
BRDA:507,45,1,0
BRDA:536,46,0,0
BRDA:536,46,1,0
BRDA:576,47,0,0
BRDA:576,47,1,0
BRDA:582,48,0,0
BRDA:582,48,1,0
BRDA:603,49,0,0
BRDA:603,49,1,0
BRDA:605,50,0,0
BRDA:605,50,1,0
BRDA:692,51,0,0
BRDA:692,51,1,0
BRDA:724,52,0,0
BRDA:724,52,1,0
BRDA:762,53,0,0
BRDA:762,53,1,0
BRDA:814,54,0,0
BRDA:814,54,1,0
BRDA:840,55,0,0
BRDA:840,55,1,0
BRDA:870,56,0,0
BRDA:870,56,1,0
BRDA:927,57,0,0
BRDA:927,57,1,0
BRDA:961,58,0,0
BRDA:961,58,1,0
BRDA:968,59,0,0
BRDA:968,59,1,0
BRDA:973,60,0,0
BRDA:973,60,1,0
BRDA:977,61,0,0
BRDA:977,61,1,0
BRDA:989,62,0,0
BRDA:989,62,1,0
BRDA:991,63,0,0
BRDA:991,63,1,0
BRDA:998,64,0,0
BRDA:998,64,1,0
BRDA:1001,65,0,0
BRDA:1001,65,1,0
BRDA:1006,66,0,0
BRDA:1006,66,1,0
BRDA:1013,67,0,0
BRDA:1013,67,1,0
BRDA:1016,68,0,0
BRDA:1016,68,1,0
BRDA:1024,69,0,0
BRDA:1024,69,1,0
BRDA:1027,70,0,0
BRDA:1027,70,1,0
BRDA:1035,71,0,0
BRDA:1035,71,1,0
BRDA:1039,72,0,0
BRDA:1039,72,1,0
BRDA:1045,73,0,0
BRDA:1045,73,1,0
BRDA:1050,74,0,0
BRDA:1050,74,1,0
BRDA:1073,75,0,0
BRDA:1073,75,1,0
BRDA:1110,76,0,0
BRDA:1110,76,1,0
BRDA:1114,77,0,0
BRDA:1114,77,1,0
BRDA:1142,78,0,0
BRDA:1142,78,1,0
BRDA:1144,79,0,0
BRDA:1144,79,1,0
BRDA:1160,80,0,0
BRDA:1160,80,1,0
BRDA:1166,81,0,0
BRDA:1166,81,1,0
BRDA:1184,82,0,0
BRDA:1184,82,1,0
BRDA:1267,83,0,0
BRDA:1267,83,1,0
BRDA:1267,83,2,0
BRDA:1268,84,0,0
BRDA:1268,84,1,0
BRDA:1279,85,0,0
BRDA:1279,85,1,0
BRDA:1283,86,0,0
BRDA:1283,86,1,0
BRF:176
BRH:0
end_of_record
TN:
SF:src\pages\configpages\ControlCenter\CreateDashBoard.js
FN:20,isObjectNotEmpty
FN:32,(anonymous_1)
FN:54,(anonymous_2)
FN:58,(anonymous_3)
FN:62,(anonymous_4)
FN:68,(anonymous_5)
FN:78,(anonymous_6)
FN:89,(anonymous_7)
FN:98,(anonymous_8)
FN:106,(anonymous_9)
FN:107,(anonymous_10)
FN:110,(anonymous_11)
FN:129,(anonymous_12)
FN:138,(anonymous_13)
FN:142,(anonymous_14)
FN:146,(anonymous_15)
FN:153,(anonymous_16)
FN:159,(anonymous_17)
FN:162,(anonymous_18)
FN:166,(anonymous_19)
FNF:20
FNH:0
FNDA:0,isObjectNotEmpty
FNDA:0,(anonymous_1)
FNDA:0,(anonymous_2)
FNDA:0,(anonymous_3)
FNDA:0,(anonymous_4)
FNDA:0,(anonymous_5)
FNDA:0,(anonymous_6)
FNDA:0,(anonymous_7)
FNDA:0,(anonymous_8)
FNDA:0,(anonymous_9)
FNDA:0,(anonymous_10)
FNDA:0,(anonymous_11)
FNDA:0,(anonymous_12)
FNDA:0,(anonymous_13)
FNDA:0,(anonymous_14)
FNDA:0,(anonymous_15)
FNDA:0,(anonymous_16)
FNDA:0,(anonymous_17)
FNDA:0,(anonymous_18)
FNDA:0,(anonymous_19)
DA:21,0
DA:22,0
DA:23,0
DA:24,0
DA:25,0
DA:29,0
DA:32,0
DA:41,0
DA:42,0
DA:43,0
DA:44,0
DA:46,0
DA:52,0
DA:54,0
DA:55,0
DA:58,0
DA:59,0
DA:62,0
DA:63,0
DA:66,0
DA:68,0
DA:69,0
DA:70,0
DA:71,0
DA:73,0
DA:74,0
DA:78,0
DA:79,0
DA:80,0
DA:81,0
DA:82,0
DA:84,0
DA:85,0
DA:89,0
DA:90,0
DA:91,0
DA:93,0
DA:94,0
DA:98,0
DA:99,0
DA:103,0
DA:106,0
DA:107,0
DA:110,0
DA:111,0
DA:112,0
DA:113,0
DA:116,0
DA:117,0
DA:118,0
DA:121,0
DA:122,0
DA:123,0
DA:126,0
DA:129,0
DA:130,0
DA:131,0
DA:132,0
DA:135,0
DA:138,0
DA:139,0
DA:142,0
DA:143,0
DA:146,0
DA:147,0
DA:148,0
DA:149,0
DA:150,0
DA:153,0
DA:154,0
DA:156,0
DA:157,0
DA:158,0
DA:159,0
DA:162,0
DA:163,0
DA:166,0
DA:167,0
DA:170,0
LF:79
LH:0
BRDA:22,0,0,0
BRDA:22,0,1,0
BRDA:24,1,0,0
BRDA:24,1,1,0
BRDA:24,2,0,0
BRDA:24,2,1,0
BRDA:24,2,2,0
BRDA:69,3,0,0
BRDA:69,3,1,0
BRDA:79,4,0,0
BRDA:79,4,1,0
BRDA:90,5,0,0
BRDA:90,5,1,0
BRDA:107,6,0,0
BRDA:107,6,1,0
BRDA:111,7,0,0
BRDA:111,7,1,0
BRDA:116,8,0,0
BRDA:116,8,1,0
BRDA:121,9,0,0
BRDA:121,9,1,0
BRDA:130,10,0,0
BRDA:130,10,1,0
BRDA:147,11,0,0
BRDA:147,11,1,0
BRDA:148,12,0,0
BRDA:148,12,1,0
BRDA:149,13,0,0
BRDA:149,13,1,0
BRDA:150,14,0,0
BRDA:150,14,1,0
BRDA:154,15,0,0
BRDA:154,15,1,0
BRDA:156,16,0,0
BRDA:156,16,1,0
BRDA:157,17,0,0
BRDA:157,17,1,0
BRDA:158,18,0,0
BRDA:158,18,1,0
BRDA:159,19,0,0
BRDA:159,19,1,0
BRDA:198,20,0,0
BRDA:198,20,1,0
BRDA:212,21,0,0
BRDA:212,21,1,0
BRDA:212,22,0,0
BRDA:212,22,1,0
BRDA:212,22,2,0
BRDA:213,23,0,0
BRDA:213,23,1,0
BRDA:213,24,0,0
BRDA:213,24,1,0
BRDA:213,24,2,0
BRDA:214,25,0,0
BRDA:214,25,1,0
BRDA:214,26,0,0
BRDA:214,26,1,0
BRDA:214,26,2,0
BRDA:215,27,0,0
BRDA:215,27,1,0
BRF:60
BRH:0
end_of_record
TN:
SF:src\pages\configpages\ControlCenter\CuratedTable.js
FN:14,(anonymous_0)
FN:15,(anonymous_1)
FN:17,(anonymous_2)
FN:18,(anonymous_3)
FN:31,(anonymous_4)
FN:61,(anonymous_5)
FN:90,(anonymous_6)
FN:94,(anonymous_7)
FN:98,(anonymous_8)
FN:103,(anonymous_9)
FN:108,(anonymous_10)
FN:113,(anonymous_11)
FN:117,(anonymous_12)
FN:120,(anonymous_13)
FN:129,(anonymous_14)
FN:133,(anonymous_15)
FN:135,(anonymous_16)
FN:138,(anonymous_17)
FN:140,(anonymous_18)
FN:143,(anonymous_19)
FN:150,(anonymous_20)
FN:156,(anonymous_21)
FN:162,(anonymous_22)
FN:165,(anonymous_23)
FN:168,(anonymous_24)
FN:175,(anonymous_25)
FN:180,(anonymous_26)
FN:186,(anonymous_27)
FN:191,(anonymous_28)
FN:197,(anonymous_29)
FN:202,(anonymous_30)
FN:208,(anonymous_31)
FN:214,(anonymous_32)
FN:219,(anonymous_33)
FN:224,(anonymous_34)
FN:232,(anonymous_35)
FN:236,(anonymous_36)
FN:240,(anonymous_37)
FN:246,(anonymous_38)
FN:256,(anonymous_39)
FN:268,(anonymous_40)
FN:275,(anonymous_41)
FN:304,(anonymous_42)
FN:348,(anonymous_43)
FN:374,(anonymous_44)
FN:376,(anonymous_45)
FN:389,(anonymous_46)
FN:399,(anonymous_47)
FN:409,(anonymous_48)
FN:421,(anonymous_49)
FN:461,(anonymous_50)
FN:468,(anonymous_51)
FN:476,(anonymous_52)
FN:502,(anonymous_53)
FN:505,(anonymous_54)
FN:514,(anonymous_55)
FN:526,(anonymous_56)
FN:535,(anonymous_57)
FN:550,(anonymous_58)
FN:556,(anonymous_59)
FN:572,(anonymous_60)
FN:580,(anonymous_61)
FN:585,(anonymous_62)
FN:592,(anonymous_63)
FN:595,(anonymous_64)
FN:611,(anonymous_65)
FN:618,(anonymous_66)
FN:621,(anonymous_67)
FNF:68
FNH:0
FNDA:0,(anonymous_0)
FNDA:0,(anonymous_1)
FNDA:0,(anonymous_2)
FNDA:0,(anonymous_3)
FNDA:0,(anonymous_4)
FNDA:0,(anonymous_5)
FNDA:0,(anonymous_6)
[...]
FN:114,(anonymous_7)
FN:128,(anonymous_8)
FN:196,(anonymous_9)
FN:200,(anonymous_10)
FN:204,(anonymous_11)
FN:533,(anonymous_12)
FN:535,(anonymous_13)
FNF:14
FNH:0
FNDA:0,(anonymous_0)
FNDA:0,(anonymous_1)
FNDA:0,(anonymous_2)
FNDA:0,(anonymous_3)
FNDA:0,(anonymous_4)
FNDA:0,(anonymous_5)
FNDA:0,(anonymous_6)
FNDA:0,(anonymous_7)
FNDA:0,(anonymous_8)
FNDA:0,(anonymous_9)
FNDA:0,(anonymous_10)
FNDA:0,(anonymous_11)
FNDA:0,(anonymous_12)
FNDA:0,(anonymous_13)
DA:7,0
DA:8,0
DA:9,0
DA:10,0
DA:12,0
DA:14,0
DA:23,0
DA:54,0
DA:57,0
DA:67,0
DA:75,0
DA:87,0
DA:115,0
DA:129,0
DA:196,0
DA:197,0
DA:201,0
DA:205,0
DA:215,0
DA:221,0
DA:401,0
DA:533,0
DA:534,0
DA:535,0
DA:536,0
LF:25
LH:0
BRDA:12,0,0,0
BRDA:12,0,1,0
BRDA:16,1,0,0
BRDA:16,1,1,0
BRDA:16,2,0,0
BRDA:16,2,1,0
BRDA:44,3,0,0
BRDA:44,3,1,0
BRDA:75,4,0,0
BRDA:75,4,1,0
BRDA:83,5,0,0
BRDA:83,5,1,0
BRDA:115,6,0,0
BRDA:115,6,1,0
BRDA:137,7,0,0
BRDA:137,7,1,0
BRDA:139,8,0,0
BRDA:139,8,1,0
BRDA:149,9,0,0
BRDA:149,9,1,0
BRDA:205,10,0,0
BRDA:205,10,1,0
BRDA:534,11,0,0
BRDA:534,11,1,0
BRF:24
BRH:0
end_of_record
TN:
SF:src\pages\configpages\TutorialVideos\CardVideos.js
FN:8,(anonymous_0)
FN:14,(anonymous_1)
FN:17,(anonymous_2)
FN:26,(anonymous_3)
FN:27,(anonymous_4)
FN:30,(anonymous_5)
FN:34,(anonymous_6)
FN:50,(anonymous_7)
FN:54,(anonymous_8)
FNF:9
FNH:0
FNDA:0,(anonymous_0)
FNDA:0,(anonymous_1)
FNDA:0,(anonymous_2)
FNDA:0,(anonymous_3)
FNDA:0,(anonymous_4)
FNDA:0,(anonymous_5)
FNDA:0,(anonymous_6)
FNDA:0,(anonymous_7)
FNDA:0,(anonymous_8)
DA:8,0
DA:9,0
DA:11,0
DA:12,0
DA:14,0
DA:15,0
DA:16,0
DA:18,0
DA:19,0
DA:22,0
DA:26,0
DA:27,0
DA:30,0
DA:31,0
DA:34,0
DA:35,0
DA:38,0
DA:51,0
DA:54,0
LF:19
LH:0
BRDA:18,0,0,0
BRDA:18,0,1,0
BRDA:40,1,0,0
BRDA:40,1,1,0
BRDA:49,2,0,0
BRDA:49,2,1,0
BRDA:75,3,0,0
BRDA:75,3,1,0
BRF:8
BRH:0
end_of_record
TN:
SF:src\pages\configpages\TutorialVideos\PlayVideo.js
FN:8,(anonymous_0)
FN:11,(anonymous_1)
FN:26,(anonymous_2)
FN:36,(anonymous_3)
FN:73,(anonymous_4)
FNF:5
FNH:0
FNDA:0,(anonymous_0)
FNDA:0,(anonymous_1)
FNDA:0,(anonymous_2)
FNDA:0,(anonymous_3)
FNDA:0,(anonymous_4)
DA:8,0
DA:9,0
DA:11,0
DA:12,0
DA:26,0
DA:27,0
DA:30,0
DA:36,0
DA:73,0
LF:9
LH:0
BRDA:45,0,0,0
BRDA:45,0,1,0
BRDA:58,1,0,0
BRDA:58,1,1,0
BRF:4
BRH:0
end_of_record
TN:
SF:src\pages\marketingDashboard\Header.js
FN:5,(anonymous_0)
FN:8,(anonymous_1)
FNF:2
FNH:1
FNDA:2,(anonymous_0)
FNDA:0,(anonymous_1)
DA:5,1
DA:6,2
DA:8,2
DA:9,0
DA:12,2
LF:5
LH:4
BRF:0
BRH:0
end_of_record
TN:
SF:src\pages\marketingDashboard\IndividualTabPanels.js
FN:7,(anonymous_0)
FN:28,(anonymous_1)
FN:43,(anonymous_2)
FN:55,(anonymous_3)
FNF:4
FNH:0
FNDA:0,(anonymous_0)
FNDA:0,(anonymous_1)
FNDA:0,(anonymous_2)
FNDA:0,(anonymous_3)
DA:7,1
DA:8,0
DA:9,0
DA:28,1
DA:30,0
DA:31,0
DA:32,0
DA:43,1
DA:45,0
DA:46,0
DA:47,0
DA:55,1
DA:56,0
DA:58,0
DA:59,0
DA:60,0
LF:16
LH:4
BRDA:8,0,0,0
BRDA:8,0,1,0
BRDA:30,1,0,0
BRDA:30,1,1,0
BRDA:45,2,0,0
BRDA:45,2,1,0
BRDA:58,3,0,0
BRDA:58,3,1,0
BRF:8
BRH:0
end_of_record
TN:
SF:src\pages\marketingDashboard\MarketingDashboard.js
FN:11,(anonymous_0)
FN:16,(anonymous_1)
FN:51,(anonymous_2)
FN:54,(anonymous_3)
FN:58,(anonymous_4)
FN:62,(anonymous_5)
FN:75,(anonymous_6)
FNF:7
FNH:2
FNDA:3,(anonymous_0)
FNDA:0,(anonymous_1)
FNDA:4,(anonymous_2)
FNDA:0,(anonymous_3)
FNDA:0,(anonymous_4)
FNDA:0,(anonymous_5)
FNDA:0,(anonymous_6)
DA:11,1
DA:12,3
DA:16,2
DA:17,0
DA:24,2
DA:45,1
DA:46,1
DA:47,1
DA:48,1
DA:49,1
DA:51,1
DA:52,4
DA:54,0
DA:55,0
DA:58,0
DA:59,0
DA:62,0
DA:63,0
DA:66,0
DA:71,0
DA:75,0
DA:91,1
LF:22
LH:12
BRF:0
BRH:0
end_of_record
TN:
SF:src\pages\marketingDashboard\Panels.js
FN:9,(anonymous_0)
FN:12,(anonymous_1)
FN:16,(anonymous_2)
FN:35,(anonymous_3)
FN:39,(anonymous_4)
FN:42,(anonymous_5)
FN:48,(anonymous_6)
FNF:7
FNH:0
FNDA:0,(anonymous_0)
FNDA:0,(anonymous_1)
FNDA:0,(anonymous_2)
FNDA:0,(anonymous_3)
FNDA:0,(anonymous_4)
FNDA:0,(anonymous_5)
FNDA:0,(anonymous_6)
DA:9,1
DA:10,0
DA:12,0
DA:13,0
DA:16,0
DA:17,0
DA:20,0
DA:22,0
DA:35,1
DA:37,0
DA:39,1
DA:40,0
DA:42,1
DA:43,0
DA:48,1
DA:51,0
DA:54,1
DA:55,1
DA:56,1
DA:57,1
LF:20
LH:9
BRF:0
BRH:0
end_of_record
TN:
SF:src\pages\marketingDashboard\TabPanels.js
FN:5,(anonymous_0)
FN:9,(anonymous_1)
FN:15,(anonymous_2)
FN:20,(anonymous_3)
FN:28,(anonymous_4)
FN:32,(anonymous_5)
FN:40,(anonymous_6)
FN:44,(anonymous_7)
FNF:8
FNH:0
FNDA:0,(anonymous_0)
FNDA:0,(anonymous_1)
FNDA:0,(anonymous_2)
FNDA:0,(anonymous_3)
FNDA:0,(anonymous_4)
FNDA:0,(anonymous_5)
FNDA:0,(anonymous_6)
FNDA:0,(anonymous_7)
DA:5,1
DA:6,0
DA:7,0
DA:10,0
DA:15,1
DA:17,0
DA:18,0
DA:21,0
DA:28,1
DA:29,0
DA:30,0
DA:33,0
DA:40,1
DA:41,0
DA:42,0
DA:45,0
DA:51,1
DA:52,1
DA:53,1
DA:54,1
LF:20
LH:8
BRF:0
BRH:0
end_of_record
TN:
SF:src\services\ApiService.js
FN:6,(anonymous_0)
FN:18,(anonymous_1)
FN:21,(anonymous_2)
FN:48,(anonymous_3)
FNF:4
FNH:0
FNDA:0,(anonymous_0)
FNDA:0,(anonymous_1)
FNDA:0,(anonymous_2)
FNDA:0,(anonymous_3)
DA:5,0
DA:7,0
DA:8,0
DA:9,0
DA:11,0
DA:13,0
DA:17,0
DA:19,0
DA:22,0
DA:24,0
DA:25,0
DA:26,0
DA:27,0
DA:30,0
DA:31,0
DA:32,0
DA:33,0
DA:36,0
DA:40,0
DA:44,0
DA:48,0
DA:49,0
DA:50,0
DA:55,0
LF:24
LH:0
BRDA:8,0,0,0
BRDA:8,0,1,0
BRDA:24,1,0,0
BRDA:24,1,1,0
BRDA:25,2,0,0
BRDA:25,2,1,0
BRDA:30,3,0,0
BRDA:30,3,1,0
BRDA:33,4,0,0
BRDA:33,4,1,0
BRDA:36,5,0,0
BRDA:36,5,1,0
BRDA:40,6,0,0
BRDA:40,6,1,0
BRF:14
BRH:0
end_of_record
TN:
SF:src\services\I2AService.js
FN:5,listActions
FN:9,createAction
FN:13,updateAction
FN:17,deleteAction
FN:21,pushAction
FN:25,markAsCompleteAction
FN:30,listActionsMonitoring
FN:36,fetchExperiment
FN:40,createExperiment
FN:44,updateExperiment
FN:48,deleteExperiment
FN:52,recommendExperiment
FN:56,rescheduleExperiment
FN:60,restartExperiment
FN:64,terminateExperiment
FN:68,expVariables
FN:72,listExperimentsMonitoring
FN:78,getDataset
FN:86,queryDataset
FNF:19
FNH:0
FNDA:0,listActions
FNDA:0,createAction
FNDA:0,updateAction
FNDA:0,deleteAction
FNDA:0,pushAction
FNDA:0,markAsCompleteAction
FNDA:0,listActionsMonitoring
FNDA:0,fetchExperiment
FNDA:0,createExperiment
FNDA:0,updateExperiment
FNDA:0,deleteExperiment
FNDA:0,recommendExperiment
FNDA:0,rescheduleExperiment
FNDA:0,restartExperiment
FNDA:0,terminateExperiment
FNDA:0,expVariables
FNDA:0,listExperimentsMonitoring
FNDA:0,getDataset
FNDA:0,queryDataset
DA:6,0
DA:10,0
DA:14,0
DA:18,0
DA:22,0
DA:26,0
DA:31,0
DA:37,0
DA:41,0
DA:45,0
DA:49,0
DA:53,0
DA:57,0
DA:61,0
DA:65,0
DA:69,0
DA:73,0
DA:79,0
DA:83,0
DA:87,0
DA:91,0
LF:21
LH:0
BRF:0
BRH:0
end_of_record
TN:
SF:src\services\authService.js
FN:4,getSSOUser
FN:8,loginUser
FN:12,registerUser
FN:16,passwordChange
FN:20,refreshToken
FN:24,passwordUpdate
FNF:6
FNH:0
FNDA:0,getSSOUser
FNDA:0,loginUser
FNDA:0,registerUser
FNDA:0,passwordChange
FNDA:0,refreshToken
FNDA:0,passwordUpdate
DA:5,0
DA:9,0
DA:13,0
DA:17,0
DA:21,0
DA:25,0
LF:6
LH:0
BRF:0
BRH:0
end_of_record
TN:
SF:src\services\brainSparkService.js
FN:4,getBrainSparkUserComm
FN:9,getInsightsForKpiTree
FN:13,updateInsight
FN:16,deleteInsight
FN:20,likeInsight
FN:24,bookmarkInsight
FN:29,saveCommentForInsight
FN:34,getCommentsForInsight
FN:38,updateCommentByCommentId
FN:42,deleteCommentByCommentId
FN:47,uploadCsvFile
FNF:11
FNH:0
FNDA:0,getBrainSparkUserComm
FNDA:0,getInsightsForKpiTree
FNDA:0,updateInsight
FNDA:0,deleteInsight
FNDA:0,likeInsight
FNDA:0,bookmarkInsight
FNDA:0,saveCommentForInsight
FNDA:0,getCommentsForInsight
FNDA:0,updateCommentByCommentId
FNDA:0,deleteCommentByCommentId
FNDA:0,uploadCsvFile
DA:5,0
DA:10,0
DA:14,0
DA:17,0
DA:21,0
DA:25,0
DA:30,0
DA:31,0
DA:35,0
DA:39,0
DA:43,0
DA:48,0
LF:12
LH:0
BRF:0
BRH:0
end_of_record
TN:
SF:src\services\businessDayService.js
FN:5,getBusinessDay
FN:9,addBusinessDay
FNF:2
FNH:0
FNDA:0,getBusinessDay
FNDA:0,addBusinessDay
DA:6,0
DA:10,0
LF:2
LH:0
BRF:0
BRH:0
end_of_record
TN:
SF:src\services\clusterService.js
FN:5,nodeQuery
FN:9,getAvailableFields
FN:13,saveAnalysisData
FN:17,cohortCardsData
FN:21,getSavedCohortAnalysis
FN:25,updateCohortAnalysis
FN:29,publishAnalysis
FN:33,deleteAnalysis
FN:37,getCohortGraphData
FN:41,getCohortConfig
FN:45,saveClusterNames
FN:49,getClusterNames
FNF:12
FNH:0
FNDA:0,nodeQuery
FNDA:0,getAvailableFields
FNDA:0,saveAnalysisData
FNDA:0,cohortCardsData
FNDA:0,getSavedCohortAnalysis
FNDA:0,updateCohortAnalysis
FNDA:0,publishAnalysis
FNDA:0,deleteAnalysis
FNDA:0,getCohortGraphData
FNDA:0,getCohortConfig
FNDA:0,saveClusterNames
FNDA:0,getClusterNames
DA:6,0
DA:10,0
DA:14,0
DA:18,0
DA:22,0
DA:26,0
DA:30,0
DA:34,0
DA:38,0
DA:42,0
DA:46,0
DA:50,0
LF:12
LH:0
BRF:0
BRH:0
end_of_record
TN:
SF:src\services\cohortPreviewExportService.js
FN:6,(anonymous_0)
FN:14,(anonymous_1)
FN:22,(anonymous_2)
FN:27,(anonymous_3)
FN:32,(anonymous_4)
FN:37,(anonymous_5)
FN:42,(anonymous_6)
FN:47,(anonymous_7)
FN:52,(anonymous_8)
FNF:9
FNH:0
FNDA:0,(anonymous_0)
FNDA:0,(anonymous_1)
FNDA:0,(anonymous_2)
FNDA:0,(anonymous_3)
FNDA:0,(anonymous_4)
FNDA:0,(anonymous_5)
FNDA:0,(anonymous_6)
FNDA:0,(anonymous_7)
FNDA:0,(anonymous_8)
DA:7,0
DA:15,0
DA:23,0
DA:28,0
DA:33,0
DA:38,0
DA:43,0
DA:48,0
DA:53,0
LF:9
LH:0
BRF:0
BRH:0
end_of_record
TN:
SF:src\services\cohortService.js
FN:6,getDropdown
FN:10,getDtl
FN:14,getlineChart
FN:18,getEChart
FN:22,getCohortTable
FN:26,getKeyInsight
FN:31,cohortSummaryInsight
FNF:7
FNH:0
FNDA:0,getDropdown
FNDA:0,getDtl
FNDA:0,getlineChart
FNDA:0,getEChart
FNDA:0,getCohortTable
FNDA:0,getKeyInsight
FNDA:0,cohortSummaryInsight
DA:4,0
DA:7,0
DA:11,0
DA:15,0
DA:19,0
DA:23,0
DA:27,0
DA:32,0
LF:8
LH:0
BRF:0
BRH:0
end_of_record
TN:
SF:src\services\controlCenterService.js
FN:4,getCCVGroupTakeaway
FN:8,getCCVGroups
FN:12,getCCVHighlights
FN:18,(anonymous_3)
FN:21,(anonymous_4)
FN:27,(anonymous_5)
FN:35,getCCVOtherAPI
FN:46,(anonymous_7)
FN:49,(anonymous_8)
FN:55,(anonymous_9)
FN:63,getKpiTreesForGroup
FN:67,createControlCenter
FN:71,getControlCenterInsights
FN:75,getControlCenterMajorDisruptor
FN:79,updateControlCenterMajorDisruptorById
FN:83,getControlCenterKeyTakeaway
FN:87,getControlCenterCards
FN:91,updateShortInsight
FNF:18
FNH:0
FNDA:0,getCCVGroupTakeaway
FNDA:0,getCCVGroups
FNDA:0,getCCVHighlights
FNDA:0,(anonymous_3)
FNDA:0,(anonymous_4)
FNDA:0,(anonymous_5)
FNDA:0,getCCVOtherAPI
FNDA:0,(anonymous_7)
FNDA:0,(anonymous_8)
FNDA:0,(anonymous_9)
FNDA:0,getKpiTreesForGroup
FNDA:0,createControlCenter
FNDA:0,getControlCenterInsights
FNDA:0,getControlCenterMajorDisruptor
FNDA:0,updateControlCenterMajorDisruptorById
FNDA:0,getControlCenterKeyTakeaway
FNDA:0,getControlCenterCards
FNDA:0,updateShortInsight
DA:5,0
DA:9,0
DA:13,0
DA:18,0
DA:19,0
DA:22,0
DA:28,0
DA:32,0
DA:36,0
DA:46,0
DA:47,0
DA:50,0
DA:56,0
DA:60,0
DA:64,0
DA:68,0
DA:72,0
DA:76,0
DA:80,0
DA:84,0
DA:88,0
DA:92,0
LF:22
LH:0
BRF:0
BRH:0
end_of_record
TN:
SF:src\services\dashboardService.js
FN:4,getComponentData
FNF:1
FNH:0
FNDA:0,getComponentData
DA:5,0
LF:1
LH:0
BRF:0
BRH:0
end_of_record
TN:
SF:src\services\dataCatalogService.js
FN:5,getOptionsForData
FN:9,addOptionsForData
FN:13,updateOptionsForData
FN:17,updateOptionsForDataTable
FN:21,deleteOptionsForData
FNF:5
FNH:0
FNDA:0,getOptionsForData
FNDA:0,addOptionsForData
FNDA:0,updateOptionsForData
FNDA:0,updateOptionsForDataTable
FNDA:0,deleteOptionsForData
DA:6,0
DA:10,0
DA:14,0
DA:18,0
DA:22,0
LF:5
LH:0
BRF:0
BRH:0
end_of_record
TN:
SF:src\services\keyInsightsService.js
FN:4,getkeyInsight
FN:8,listKeyInsights
FN:12,addkeyInsight
FN:16,updatekeyInsight
FN:20,deletekeyInsight
FNF:5
FNH:0
FNDA:0,getkeyInsight
FNDA:0,listKeyInsights
FNDA:0,addkeyInsight
FNDA:0,updatekeyInsight
FNDA:0,deletekeyInsight
DA:5,0
DA:9,0
DA:13,0
DA:17,0
DA:21,0
LF:5
LH:0
BRF:0
BRH:0
end_of_record
TN:
SF:src\services\kpiService.js
FN:8,(anonymous_0)
FN:11,(anonymous_1)
FN:14,(anonymous_2)
FN:17,(anonymous_3)
FN:22,(anonymous_4)
FN:25,(anonymous_5)
FN:28,(anonymous_6)
FN:31,(anonymous_7)
FN:36,(anonymous_8)
FN:39,(anonymous_9)
FN:42,(anonymous_10)
FN:45,(anonymous_11)
FN:48,(anonymous_12)
FN:53,(anonymous_13)
FN:57,(anonymous_14)
FN:61,(anonymous_15)
FN:65,(anonymous_16)
FN:73,(anonymous_17)
FN:77,(anonymous_18)
FN:81,(anonymous_19)
FN:85,(anonymous_20)
FN:89,(anonymous_21)
FN:93,(anonymous_22)
FN:97,(anonymous_23)
FN:101,(anonymous_24)
FN:105,(anonymous_25)
FN:109,(anonymous_26)
FN:113,(anonymous_27)
FN:118,(anonymous_28)
FN:122,(anonymous_29)
FN:127,(anonymous_30)
FN:132,(anonymous_31)
FN:137,(anonymous_32)
FN:142,(anonymous_33)
FN:148,(anonymous_34)
FNF:35
FNH:0
FNDA:0,(anonymous_0)
FNDA:0,(anonymous_1)
FNDA:0,(anonymous_2)
FNDA:0,(anonymous_3)
FNDA:0,(anonymous_4)
FNDA:0,(anonymous_5)
FNDA:0,(anonymous_6)
FNDA:0,(anonymous_7)
FNDA:0,(anonymous_8)
FNDA:0,(anonymous_9)
FNDA:0,(anonymous_10)
FNDA:0,(anonymous_11)
FNDA:0,(anonymous_12)
FNDA:0,(anonymous_13)
FNDA:0,(anonymous_14)
FNDA:0,(anonymous_15)
FNDA:0,(anonymous_16)
FNDA:0,(anonymous_17)
FNDA:0,(anonymous_18)
FNDA:0,(anonymous_19)
FNDA:0,(anonymous_20)
FNDA:0,(anonymous_21)
FNDA:0,(anonymous_22)
FNDA:0,(anonymous_23)
FNDA:0,(anonymous_24)
FNDA:0,(anonymous_25)
FNDA:0,(anonymous_26)
FNDA:0,(anonymous_27)
FNDA:0,(anonymous_28)
FNDA:0,(anonymous_29)
FNDA:0,(anonymous_30)
FNDA:0,(anonymous_31)
FNDA:0,(anonymous_32)
FNDA:0,(anonymous_33)
FNDA:0,(anonymous_34)
DA:9,0
DA:12,0
DA:15,0
DA:18,0
DA:23,0
DA:26,0
DA:29,0
DA:32,0
DA:37,0
DA:40,0
DA:43,0
DA:46,0
DA:49,0
DA:54,0
DA:58,0
DA:62,0
DA:66,0
DA:67,0
DA:69,0
DA:74,0
DA:78,0
DA:82,0
DA:86,0
DA:90,0
DA:94,0
DA:98,0
DA:102,0
DA:106,0
DA:110,0
DA:114,0
DA:119,0
DA:123,0
DA:128,0
DA:133,0
DA:138,0
DA:144,0
DA:149,0
LF:37
LH:0
BRDA:66,0,0,0
BRDA:66,0,1,0
BRF:2
BRH:0
end_of_record
TN:
SF:src\services\lhGuideService.js
FN:4,getAllTopics
FN:8,getTopicDataById
FN:12,getArticlesList
FN:16,getArticleById
FN:20,getVideosUrls
FNF:5
FNH:0
FNDA:0,getAllTopics
FNDA:0,getTopicDataById
FNDA:0,getArticlesList
FNDA:0,getArticleById
FNDA:0,getVideosUrls
DA:5,0
DA:9,0
DA:13,0
DA:17,0
DA:21,0
LF:5
LH:0
BRF:0
BRH:0
end_of_record
TN:
SF:src\services\menuService.js
FN:6,(anonymous_0)
FN:10,(anonymous_1)
FN:14,(anonymous_2)
FN:18,(anonymous_3)
FNF:4
FNH:0
FNDA:0,(anonymous_0)
FNDA:0,(anonymous_1)
FNDA:0,(anonymous_2)
FNDA:0,(anonymous_3)
DA:7,0
DA:11,0
DA:15,0
DA:19,0
LF:4
LH:0
BRF:0
BRH:0
end_of_record
TN:
SF:src\services\mindAiService.js
FN:6,(anonymous_0)
FNF:1
FNH:0
FNDA:0,(anonymous_0)
DA:7,0
LF:1
LH:0
BRF:0
BRH:0
end_of_record
TN:
SF:src\utilities\AllTables.js
FN:147,(anonymous_0)
FN:147,(anonymous_1)
FN:147,(anonymous_2)
FNF:3
FNH:0
FNDA:0,(anonymous_0)
FNDA:0,(anonymous_1)
FNDA:0,(anonymous_2)
DA:1,0
DA:9,0
DA:16,0
DA:18,0
DA:29,0
DA:31,0
DA:38,0
DA:66,0
DA:107,0
DA:120,0
DA:126,0
DA:137,0
DA:147,0
LF:13
LH:0
BRF:0
BRH:0
end_of_record
TN:
SF:src\utilities\EChart.js
FN:17,(anonymous_0)
FN:23,(anonymous_1)
FNF:2
FNH:0
FNDA:0,(anonymous_0)
FNDA:0,(anonymous_1)
DA:8,0
DA:18,0
DA:20,0
DA:24,0
DA:25,0
DA:35,0
LF:6
LH:0
BRDA:27,0,0,0
BRDA:27,0,1,0
BRF:2
BRH:0
end_of_record
TN:
SF:src\utilities\Loader.js
FN:6,(anonymous_0)
FN:13,(anonymous_1)
FN:16,(anonymous_2)
FN:21,(anonymous_3)
FN:57,(anonymous_4)
FN:91,(anonymous_5)
FN:97,(anonymous_6)
FN:104,(anonymous_7)
FN:107,(anonymous_8)
FN:112,(anonymous_9)
FNF:10
FNH:0
FNDA:0,(anonymous_0)
FNDA:0,(anonymous_1)
FNDA:0,(anonymous_2)
FNDA:0,(anonymous_3)
FNDA:0,(anonymous_4)
FNDA:0,(anonymous_5)
FNDA:0,(anonymous_6)
FNDA:0,(anonymous_7)
FNDA:0,(anonymous_8)
FNDA:0,(anonymous_9)
DA:6,0
DA:7,0
DA:13,0
DA:14,0
DA:16,0
DA:21,0
DA:22,0
DA:57,0
DA:58,0
DA:91,0
DA:92,0
DA:97,0
DA:104,0
DA:105,0
DA:107,0
DA:112,0
DA:113,0
LF:17
LH:0
BRDA:8,0,0,0
BRDA:8,0,1,0
BRDA:9,1,0,0
BRDA:9,1,1,0
BRDA:10,2,0,0
BRDA:10,2,1,0
BRF:6
BRH:0
end_of_record
TN:
SF:src\utilities\SQLEditor.js
FN:17,(anonymous_0)
FN:20,(anonymous_1)
FN:32,(anonymous_2)
FN:58,(anonymous_3)
FN:59,(anonymous_4)
FN:60,(anonymous_5)
FNF:6
FNH:0
FNDA:0,(anonymous_0)
FNDA:0,(anonymous_1)
FNDA:0,(anonymous_2)
FNDA:0,(anonymous_3)
FNDA:0,(anonymous_4)
FNDA:0,(anonymous_5)
DA:17,0
DA:19,0
DA:20,0
DA:21,0
DA:31,0
DA:33,0
DA:39,0
DA:42,0
DA:58,0
DA:59,0
DA:60,0
LF:11
LH:0
BRF:0
BRH:0
end_of_record
TN:
SF:src\utilities\index.js
FN:7,(anonymous_0)
FN:16,(anonymous_1)
FN:20,(anonymous_2)
FN:28,(anonymous_3)
FN:36,(anonymous_4)
FN:41,(anonymous_5)
FN:42,(anonymous_6)
FN:48,(anonymous_7)
FN:58,(anonymous_8)
FN:65,(anonymous_9)
FN:77,(anonymous_10)
FN:90,(anonymous_11)
FN:95,(anonymous_12)
FN:111,(anonymous_13)
FN:127,(anonymous_14)
FN:146,(anonymous_15)
FN:147,(anonymous_16)
FN:150,(anonymous_17)
FN:168,(anonymous_18)
FN:170,(anonymous_19)
FN:177,(anonymous_20)
FN:185,(anonymous_21)
FN:197,(anonymous_22)
FN:213,(anonymous_23)
FN:215,(anonymous_24)
FN:217,(anonymous_25)
FN:220,(anonymous_26)
FN:228,(anonymous_27)
FN:238,(anonymous_28)
FN:300,(anonymous_29)
FN:303,(anonymous_30)
FN:306,(anonymous_31)
FN:379,(anonymous_32)
FN:387,(anonymous_33)
FNF:34
FNH:0
FNDA:0,(anonymous_0)
FNDA:0,(anonymous_1)
FNDA:0,(anonymous_2)
FNDA:0,(anonymous_3)
FNDA:0,(anonymous_4)
FNDA:0,(anonymous_5)
FNDA:0,(anonymous_6)
FNDA:0,(anonymous_7)
FNDA:0,(anonymous_8)
FNDA:0,(anonymous_9)
FNDA:0,(anonymous_10)
FNDA:0,(anonymous_11)
FNDA:0,(anonymous_12)
FNDA:0,(anonymous_13)
FNDA:0,(anonymous_14)
FNDA:0,(anonymous_15)
FNDA:0,(anonymous_16)
FNDA:0,(anonymous_17)
FNDA:0,(anonymous_18)
FNDA:0,(anonymous_19)
FNDA:0,(anonymous_20)
FNDA:0,(anonymous_21)
FNDA:0,(anonymous_22)
FNDA:0,(anonymous_23)
FNDA:0,(anonymous_24)
FNDA:0,(anonymous_25)
FNDA:0,(anonymous_26)
FNDA:0,(anonymous_27)
FNDA:0,(anonymous_28)
FNDA:0,(anonymous_29)
FNDA:0,(anonymous_30)
FNDA:0,(anonymous_31)
FNDA:0,(anonymous_32)
FNDA:0,(anonymous_33)
DA:8,0
DA:9,0
DA:10,0
DA:12,0
DA:16,0
DA:17,0
DA:21,0
DA:22,0
DA:24,0
DA:29,0
DA:30,0
DA:31,0
DA:33,0
DA:37,0
DA:38,0
DA:39,0
DA:40,0
DA:41,0
DA:42,0
DA:44,0
DA:49,0
DA:50,0
DA:51,0
DA:52,0
DA:53,0
DA:55,0
DA:59,0
DA:60,0
DA:61,0
DA:66,0
DA:67,0
DA:69,0
DA:70,0
DA:73,0
DA:78,0
DA:79,0
DA:80,0
DA:81,0
DA:82,0
DA:83,0
DA:84,0
DA:85,0
DA:87,0
DA:91,0
DA:92,0
DA:96,0
DA:108,0
DA:111,0
DA:112,0
DA:118,0
DA:127,0
DA:147,0
DA:150,0
DA:151,0
DA:152,0
DA:155,0
DA:156,0
DA:158,0
DA:160,0
DA:161,0
DA:162,0
DA:163,0
DA:165,0
DA:168,0
DA:169,0
DA:170,0
DA:171,0
DA:178,0
DA:185,0
DA:198,0
DA:214,0
DA:215,0
DA:217,0
DA:220,0
DA:222,0
DA:225,0
DA:226,0
DA:228,0
DA:236,0
DA:238,0
DA:256,0
DA:259,0
DA:300,0
DA:304,0
DA:307,0
DA:376,0
DA:380,0
DA:381,0
DA:382,0
DA:384,0
DA:388,0
DA:389,0
DA:390,0
DA:391,0
DA:392,0
DA:393,0
DA:394,0
DA:396,0
DA:397,0
DA:398,0
DA:399,0
DA:401,0
LF:102
LH:0
BRDA:30,0,0,0
BRDA:30,0,1,0
BRDA:30,1,0,0
BRDA:30,1,1,0
BRDA:37,2,0,0
BRDA:37,2,1,0
BRDA:39,3,0,0
BRDA:39,3,1,0
BRDA:39,4,0,0
BRDA:39,4,1,0
BRDA:51,5,0,0
BRDA:51,5,1,0
BRDA:51,6,0,0
BRDA:51,6,1,0
BRDA:60,7,0,0
BRDA:60,7,1,0
BRDA:60,8,0,0
BRDA:60,8,1,0
BRDA:66,9,0,0
BRDA:66,9,1,0
BRDA:81,10,0,0
BRDA:81,10,1,0
BRDA:82,11,0,0
BRDA:82,11,1,0
BRDA:82,12,0,0
BRDA:82,12,1,0
BRDA:83,13,0,0
BRDA:83,13,1,0
BRDA:83,14,0,0
BRDA:83,14,1,0
BRDA:84,15,0,0
BRDA:84,15,1,0
BRDA:84,16,0,0
BRDA:84,16,1,0
BRDA:85,17,0,0
BRDA:85,17,1,0
BRDA:87,18,0,0
BRDA:87,18,1,0
BRDA:91,19,0,0
BRDA:91,19,1,0
BRDA:108,20,0,0
BRDA:108,20,1,0
BRDA:112,21,0,0
BRDA:112,21,1,0
BRDA:138,22,0,0
BRDA:138,22,1,0
BRDA:146,23,0,0
BRDA:160,24,0,0
BRDA:160,24,1,0
BRDA:162,25,0,0
BRDA:162,25,1,0
BRDA:168,26,0,0
BRDA:170,27,0,0
BRDA:180,28,0,0
BRDA:180,28,1,0
BRDA:185,29,0,0
BRDA:185,29,1,0
BRDA:185,30,0,0
BRDA:185,30,1,0
BRDA:185,31,0,0
BRDA:185,31,1,0
BRDA:187,32,0,0
BRDA:187,32,1,0
BRDA:189,33,0,0
BRDA:189,33,1,0
BRDA:194,34,0,0
BRDA:194,34,1,0
BRDA:196,35,0,0
BRDA:196,35,1,0
BRDA:202,36,0,0
BRDA:202,36,1,0
BRDA:215,37,0,0
BRDA:215,37,1,0
BRDA:225,38,0,0
BRDA:225,38,1,0
BRDA:225,39,0,0
BRDA:225,39,1,0
BRDA:228,40,0,0
BRDA:228,40,1,0
BRDA:266,41,0,0
BRDA:266,41,1,0
BRDA:270,42,0,0
BRDA:270,42,1,0
BRDA:274,43,0,0
BRDA:274,43,1,0
BRDA:278,44,0,0
BRDA:278,44,1,0
BRDA:299,45,0,0
BRDA:299,45,1,0
BRDA:314,46,0,0
BRDA:314,46,1,0
BRDA:334,47,0,0
BRDA:334,47,1,0
BRDA:363,48,0,0
BRDA:363,48,1,0
BRDA:380,49,0,0
BRDA:380,49,1,0
BRDA:389,50,0,0
BRDA:389,50,1,0
BRDA:389,51,0,0
BRDA:389,51,1,0
BRDA:392,52,0,0
BRDA:392,52,1,0
BRDA:396,53,0,0
BRDA:396,53,1,0
BRDA:396,54,0,0
BRDA:396,54,1,0
BRDA:397,55,0,0
BRDA:397,55,1,0
BRDA:397,56,0,0
BRDA:397,56,1,0
BRDA:399,57,0,0
BRDA:399,57,1,0
BRF:113
BRH:0
end_of_record
